2023-02-13 19:31:12.787 [info] Log level: Info
2023-02-13 19:31:12.787 [info] Validating found git in: "git"
2023-02-13 19:31:12.787 [info] Using git "2.39.1" from "git"
2023-02-13 19:31:12.787 [info] > git rev-parse --show-toplevel [5ms]
2023-02-13 19:31:12.787 [info] > git rev-parse --git-dir --git-common-dir [69ms]
2023-02-13 19:31:12.787 [info] Open repository: /home/luiza/Lu-dots
2023-02-13 19:31:12.787 [info] > git rev-parse --show-toplevel [130ms]
2023-02-13 19:31:12.796 [info] > git rev-parse --show-toplevel [38ms]
2023-02-13 19:31:12.806 [info] > git config --get commit.template [83ms]
2023-02-13 19:31:12.815 [info] > git rev-parse --show-toplevel [10ms]
2023-02-13 19:31:12.834 [info] > git rev-parse --show-toplevel [13ms]
2023-02-13 19:31:12.843 [info] > git for-each-ref --format=%(refname)%00%(upstream:short)%00%(objectname)%00%(upstream:track)%00%(upstream:remotename)%00%(upstream:remoteref) refs/heads/main refs/remotes/main [10ms]
2023-02-13 19:31:12.874 [info] > git status -z -uall [24ms]
2023-02-13 19:31:12.874 [info] > git for-each-ref --sort -committerdate --format %(refname) %(objectname) %(*objectname) [18ms]
2023-02-13 19:31:12.880 [info] > git rev-parse --show-toplevel [40ms]
2023-02-13 19:31:12.890 [info] > git config --get commit.template [1ms]
2023-02-13 19:31:12.967 [info] > git for-each-ref --format=%(refname)%00%(upstream:short)%00%(objectname)%00%(upstream:track)%00%(upstream:remotename)%00%(upstream:remoteref) refs/heads/main refs/remotes/main [4ms]
2023-02-13 19:31:13.013 [info] > git status -z -uall [39ms]
2023-02-13 19:31:13.021 [info] > git for-each-ref --sort -committerdate --format %(refname) %(objectname) %(*objectname) [38ms]
2023-02-13 19:31:13.073 [info] > git fetch [463ms]
2023-02-13 19:31:13.087 [info] > git config --get commit.template [6ms]
2023-02-13 19:31:13.116 [info] > git for-each-ref --format=%(refname)%00%(upstream:short)%00%(objectname)%00%(upstream:track)%00%(upstream:remotename)%00%(upstream:remoteref) refs/heads/main refs/remotes/main [14ms]
2023-02-13 19:31:13.136 [info] > git status -z -uall [13ms]
2023-02-13 19:31:13.136 [info] > git for-each-ref --sort -committerdate --format %(refname) %(objectname) %(*objectname) [5ms]
2023-02-13 19:31:13.275 [info] > git check-ignore -v -z --stdin [2ms]
2023-02-13 19:31:13.473 [info] > git show --textconv :hypr/binds.conf [15ms]
2023-02-13 19:31:13.474 [info] > git ls-files --stage -- /home/luiza/Lu-dots/hypr/binds.conf [2ms]
2023-02-13 19:31:13.485 [info] > git cat-file -s 6d386813fb31518cc4166b74a3020c7cdd93731e [2ms]
2023-02-13 19:31:14.163 [info] > git config --get commit.template [2ms]
2023-02-13 19:31:14.175 [info] > git for-each-ref --format=%(refname)%00%(upstream:short)%00%(objectname)%00%(upstream:track)%00%(upstream:remotename)%00%(upstream:remoteref) refs/heads/main refs/remotes/main [1ms]
2023-02-13 19:31:14.187 [info] > git status -z -uall [7ms]
2023-02-13 19:31:14.188 [info] > git for-each-ref --sort -committerdate --format %(refname) %(objectname) %(*objectname) [1ms]
2023-02-13 19:31:14.265 [info] > git ls-files --stage -- /home/luiza/Lu-dots/hypr/binds.conf [2ms]
2023-02-13 19:31:14.278 [info] > git cat-file -s 6d386813fb31518cc4166b74a3020c7cdd93731e [2ms]
2023-02-13 19:31:14.292 [info] > git show --textconv :hypr/binds.conf [2ms]
2023-02-13 19:31:20.255 [info] > git config --get commit.template [1ms]
2023-02-13 19:31:20.268 [info] > git for-each-ref --format=%(refname)%00%(upstream:short)%00%(objectname)%00%(upstream:track)%00%(upstream:remotename)%00%(upstream:remoteref) refs/heads/main refs/remotes/main [3ms]
2023-02-13 19:31:20.296 [info] > git status -z -uall [18ms]
2023-02-13 19:31:20.296 [info] > git for-each-ref --sort -committerdate --format %(refname) %(objectname) %(*objectname) [9ms]
2023-02-13 19:31:21.278 [info] > git show --textconv :hypr/hyprland.conf [15ms]
2023-02-13 19:31:21.280 [info] > git ls-files --stage -- /home/luiza/Lu-dots/hypr/hyprland.conf [3ms]
2023-02-13 19:31:21.302 [info] > git cat-file -s 223993e38e77d7f9118487354d6c0420bc0431e6 [12ms]
2023-02-13 19:31:25.317 [info] > git config --get commit.template [2ms]
2023-02-13 19:31:25.326 [info] > git for-each-ref --format=%(refname)%00%(upstream:short)%00%(objectname)%00%(upstream:track)%00%(upstream:remotename)%00%(upstream:remoteref) refs/heads/main refs/remotes/main [1ms]
2023-02-13 19:31:25.342 [info] > git status -z -uall [8ms]
2023-02-13 19:31:25.343 [info] > git for-each-ref --sort -committerdate --format %(refname) %(objectname) %(*objectname) [2ms]
2023-02-13 19:31:25.668 [info] > git add -A -- . [1ms]
2023-02-13 19:31:26.022 [info] > git show --textconv :.git/COMMIT_EDITMSG [12ms]
2023-02-13 19:31:26.024 [info] > git ls-files --stage -- /home/luiza/Lu-dots/.git/COMMIT_EDITMSG [2ms]
2023-02-13 19:31:26.345 [info] > git check-ignore -v -z --stdin [2ms]
2023-02-13 19:31:26.890 [info] > git ls-files --stage -- /home/luiza/Lu-dots/hypr/hyprland.conf [13ms]
2023-02-13 19:31:26.901 [info] > git ls-files --stage -- /home/luiza/Lu-dots/hypr/binds.conf [38ms]
2023-02-13 19:31:26.911 [info] > git cat-file -s c3109ec44bcf9f882440938ec21943d58ad69f63 [10ms]
2023-02-13 19:31:26.911 [info] > git ls-files --stage -- /home/luiza/Lu-dots/.git/COMMIT_EDITMSG [23ms]
2023-02-13 19:31:26.911 [info] > git cat-file -s 6d386813fb31518cc4166b74a3020c7cdd93731e [2ms]
2023-02-13 19:31:26.935 [info] > git show --textconv :hypr/hyprland.conf [17ms]
2023-02-13 19:31:26.935 [info] > git show --textconv :.git/COMMIT_EDITMSG [8ms]
2023-02-13 19:31:26.935 [info] > git show --textconv :hypr/binds.conf [0ms]
2023-02-13 19:31:27.242 [info] > git -c user.useConfigOnly=true commit --quiet [1565ms]
2023-02-13 19:31:27.242 [info] Aborting commit due to empty commit message.
2023-02-13 19:31:27.251 [info] > git config --get commit.template [1ms]
2023-02-13 19:31:27.261 [info] > git for-each-ref --format=%(refname)%00%(upstream:short)%00%(objectname)%00%(upstream:track)%00%(upstream:remotename)%00%(upstream:remoteref) refs/heads/main refs/remotes/main [1ms]
2023-02-13 19:31:27.293 [info] > git status -z -uall [23ms]
2023-02-13 19:31:27.294 [info] > git for-each-ref --sort -committerdate --format %(refname) %(objectname) %(*objectname) [15ms]
2023-02-13 19:31:28.436 [info] > git branch [2ms]
2023-02-13 19:31:28.450 [info] > git reset -q HEAD -- . [2ms]
2023-02-13 19:31:28.460 [info] > git config --get commit.template [1ms]
2023-02-13 19:31:28.468 [info] > git for-each-ref --format=%(refname)%00%(upstream:short)%00%(objectname)%00%(upstream:track)%00%(upstream:remotename)%00%(upstream:remoteref) refs/heads/main refs/remotes/main [1ms]
2023-02-13 19:31:28.485 [info] > git status -z -uall [9ms]
2023-02-13 19:31:28.485 [info] > git for-each-ref --sort -committerdate --format %(refname) %(objectname) %(*objectname) [1ms]
2023-02-13 19:31:29.652 [info] > git ls-files --stage -- /home/luiza/Lu-dots/hypr/binds.conf [14ms]
2023-02-13 19:31:29.661 [info] > git cat-file -s 6d386813fb31518cc4166b74a3020c7cdd93731e [2ms]
2023-02-13 19:31:29.662 [info] > git ls-files --stage -- /home/luiza/Lu-dots/hypr/hyprland.conf [11ms]
2023-02-13 19:31:29.677 [info] > git cat-file -s 223993e38e77d7f9118487354d6c0420bc0431e6 [8ms]
2023-02-13 19:31:29.678 [info] > git show --textconv :hypr/binds.conf [1ms]
2023-02-13 19:31:29.686 [info] > git show --textconv :hypr/hyprland.conf [1ms]
2023-02-13 19:31:30.359 [info] > git config --get commit.template [1ms]
2023-02-13 19:31:30.369 [info] > git for-each-ref --format=%(refname)%00%(upstream:short)%00%(objectname)%00%(upstream:track)%00%(upstream:remotename)%00%(upstream:remoteref) refs/heads/main refs/remotes/main [1ms]
2023-02-13 19:31:30.386 [info] > git status -z -uall [8ms]
2023-02-13 19:31:30.387 [info] > git for-each-ref --sort -committerdate --format %(refname) %(objectname) %(*objectname) [2ms]
2023-02-13 19:31:34.110 [info] > git add -A -- . [2ms]
2023-02-13 19:31:34.122 [info] > git -c user.useConfigOnly=true commit --quiet --allow-empty-message --file - [3ms]
2023-02-13 19:31:34.132 [info] > git config --get commit.template [3ms]
2023-02-13 19:31:34.140 [info] > git config --get commit.template [0ms]
2023-02-13 19:31:34.149 [info] > git for-each-ref --format=%(refname)%00%(upstream:short)%00%(objectname)%00%(upstream:track)%00%(upstream:remotename)%00%(upstream:remoteref) refs/heads/main refs/remotes/main [2ms]
2023-02-13 19:31:34.162 [info] > git status -z -uall [7ms]
2023-02-13 19:31:34.163 [info] > git for-each-ref --sort -committerdate --format %(refname) %(objectname) %(*objectname) [1ms]
2023-02-13 19:31:34.177 [info] > git log --oneline --cherry main...main@{upstream} -- [1ms]
2023-02-13 19:31:34.693 [info] > git pull --tags origin main [509ms]
2023-02-13 19:31:34.693 [info] From https://github.com/Luiza1011/Lu-dots
 * branch            main       -> FETCH_HEAD
2023-02-13 19:31:36.024 [info] > git push origin main:main [1319ms]
2023-02-13 19:31:36.024 [info] To https://github.com/Luiza1011/Lu-dots.git
   e2e5a0d..3e0db99  main -> main
2023-02-13 19:31:36.051 [info] > git config --get commit.template [13ms]
2023-02-13 19:31:36.052 [info] > git for-each-ref --format=%(refname)%00%(upstream:short)%00%(objectname)%00%(upstream:track)%00%(upstream:remotename)%00%(upstream:remoteref) refs/heads/main refs/remotes/main [2ms]
2023-02-13 19:31:36.071 [info] > git status -z -uall [9ms]
2023-02-13 19:31:36.072 [info] > git for-each-ref --sort -committerdate --format %(refname) %(objectname) %(*objectname) [1ms]
2023-02-13 19:31:36.102 [info] > git config --get commit.template [8ms]
2023-02-13 19:31:36.110 [info] > git for-each-ref --format=%(refname)%00%(upstream:short)%00%(objectname)%00%(upstream:track)%00%(upstream:remotename)%00%(upstream:remoteref) refs/heads/main refs/remotes/main [1ms]
2023-02-13 19:31:36.124 [info] > git status -z -uall [8ms]
2023-02-13 19:31:36.125 [info] > git for-each-ref --sort -committerdate --format %(refname) %(objectname) %(*objectname) [2ms]
2023-02-13 19:31:38.058 [info] > git config --get commit.template [1ms]
2023-02-13 19:31:38.083 [info] > git ls-files --stage -- /home/luiza/Lu-dots/hypr/hyprland.conf [1ms]
2023-02-13 19:31:38.091 [info] > git ls-files --stage -- /home/luiza/Lu-dots/hypr/binds.conf [20ms]
2023-02-13 19:31:38.110 [info] > git cat-file -s 6d386813fb31518cc4166b74a3020c7cdd93731e [11ms]
2023-02-13 19:31:38.111 [info] > git cat-file -s c3109ec44bcf9f882440938ec21943d58ad69f63 [20ms]
2023-02-13 19:31:38.112 [info] > git for-each-ref --format=%(refname)%00%(upstream:short)%00%(objectname)%00%(upstream:track)%00%(upstream:remotename)%00%(upstream:remoteref) refs/heads/main refs/remotes/main [3ms]
2023-02-13 19:31:38.134 [info] > git status -z -uall [15ms]
2023-02-13 19:31:38.134 [info] > git for-each-ref --sort -committerdate --format %(refname) %(objectname) %(*objectname) [9ms]
2023-02-13 19:31:38.142 [info] > git show --textconv :hypr/binds.conf [9ms]
2023-02-13 19:31:38.144 [info] > git show --textconv :hypr/hyprland.conf [3ms]
2023-02-13 19:31:45.511 [info] > git show --textconv :hypr/autostart.conf [12ms]
2023-02-13 19:31:45.512 [info] > git ls-files --stage -- /home/luiza/Lu-dots/hypr/autostart.conf [2ms]
2023-02-13 19:31:45.521 [info] > git cat-file -s 9bb97eb7bd2a0fe02831484152c783f1f27f0dd8 [1ms]
2023-02-13 19:31:56.522 [info] > git show --textconv :hypr/keywords.conf [13ms]
2023-02-13 19:31:56.524 [info] > git ls-files --stage -- /home/luiza/Lu-dots/hypr/keywords.conf [3ms]
2023-02-13 19:31:56.532 [info] > git cat-file -s b685fa4aded7dd16481792f4b4233c02788c3955 [0ms]
2023-02-13 19:31:57.366 [info] > git show --textconv :hypr/input.conf [14ms]
2023-02-13 19:31:57.368 [info] > git ls-files --stage -- /home/luiza/Lu-dots/hypr/input.conf [4ms]
2023-02-13 19:31:57.378 [info] > git cat-file -s 079c3bf40687e53cab3c456cfa747f9ef3680dfa [2ms]
2023-02-13 19:32:07.621 [info] > git config --get commit.template [1ms]
2023-02-13 19:32:07.632 [info] > git for-each-ref --format=%(refname)%00%(upstream:short)%00%(objectname)%00%(upstream:track)%00%(upstream:remotename)%00%(upstream:remoteref) refs/heads/main refs/remotes/main [0ms]
2023-02-13 19:32:07.647 [info] > git status -z -uall [8ms]
2023-02-13 19:32:07.647 [info] > git for-each-ref --sort -committerdate --format %(refname) %(objectname) %(*objectname) [1ms]
2023-02-13 19:32:47.591 [info] > git config --get commit.template [0ms]
2023-02-13 19:32:47.602 [info] > git for-each-ref --format=%(refname)%00%(upstream:short)%00%(objectname)%00%(upstream:track)%00%(upstream:remotename)%00%(upstream:remoteref) refs/heads/main refs/remotes/main [3ms]
2023-02-13 19:32:47.624 [info] > git status -z -uall [11ms]
2023-02-13 19:32:47.626 [info] > git for-each-ref --sort -committerdate --format %(refname) %(objectname) %(*objectname) [1ms]
