2023-02-13 19:43:24.275 [info] Log level: Info
2023-02-13 19:43:24.275 [info] Validating found git in: "git"
2023-02-13 19:43:24.275 [info] Using git "2.39.1" from "git"
2023-02-13 19:43:24.275 [info] > git rev-parse --show-toplevel [8ms]
2023-02-13 19:43:24.275 [info] > git rev-parse --git-dir --git-common-dir [79ms]
2023-02-13 19:43:24.275 [info] Open repository: /home/luiza/Lu-dots
2023-02-13 19:43:24.297 [info] > git rev-parse --show-toplevel [88ms]
2023-02-13 19:43:24.297 [info] fatal: this operation must be run in a work tree
2023-02-13 19:43:24.307 [info] > git rev-parse --show-toplevel [5ms]
2023-02-13 19:43:24.315 [info] > git config --get commit.template [33ms]
2023-02-13 19:43:24.331 [info] > git rev-parse --show-toplevel [18ms]
2023-02-13 19:43:24.350 [info] > git rev-parse --show-toplevel [13ms]
2023-02-13 19:43:24.361 [info] > git rev-parse --show-toplevel [5ms]
2023-02-13 19:43:24.362 [info] > git for-each-ref --format=%(refname)%00%(upstream:short)%00%(objectname)%00%(upstream:track)%00%(upstream:remotename)%00%(upstream:remoteref) refs/heads/main refs/remotes/main [14ms]
2023-02-13 19:43:24.380 [info] > git status -z -uall [13ms]
2023-02-13 19:43:24.380 [info] > git for-each-ref --sort -committerdate --format %(refname) %(objectname) %(*objectname) [7ms]
2023-02-13 19:43:24.403 [info] > git config --get commit.template [4ms]
2023-02-13 19:43:24.418 [info] > git for-each-ref --format=%(refname)%00%(upstream:short)%00%(objectname)%00%(upstream:track)%00%(upstream:remotename)%00%(upstream:remoteref) refs/heads/main refs/remotes/main [10ms]
2023-02-13 19:43:24.459 [info] > git status -z -uall [36ms]
2023-02-13 19:43:24.460 [info] > git for-each-ref --sort -committerdate --format %(refname) %(objectname) %(*objectname) [31ms]
2023-02-13 19:43:24.616 [info] > git fetch [416ms]
2023-02-13 19:43:24.628 [info] > git config --get commit.template [6ms]
2023-02-13 19:43:24.628 [info] > git for-each-ref --format=%(refname)%00%(upstream:short)%00%(objectname)%00%(upstream:track)%00%(upstream:remotename)%00%(upstream:remoteref) refs/heads/main refs/remotes/main [1ms]
2023-02-13 19:43:24.640 [info] > git status -z -uall [6ms]
2023-02-13 19:43:24.640 [info] > git for-each-ref --sort -committerdate --format %(refname) %(objectname) %(*objectname) [1ms]
2023-02-13 19:43:24.911 [info] > git check-ignore -v -z --stdin [1ms]
2023-02-13 19:43:24.974 [info] > git show --textconv :.git/COMMIT_EDITMSG [8ms]
2023-02-13 19:43:24.978 [info] > git ls-files --stage -- /home/luiza/Lu-dots/.git/COMMIT_EDITMSG [4ms]
2023-02-13 19:43:25.704 [info] > git config --get commit.template [2ms]
2023-02-13 19:43:25.712 [info] > git for-each-ref --format=%(refname)%00%(upstream:short)%00%(objectname)%00%(upstream:track)%00%(upstream:remotename)%00%(upstream:remoteref) refs/heads/main refs/remotes/main [1ms]
2023-02-13 19:43:25.725 [info] > git status -z -uall [7ms]
2023-02-13 19:43:25.726 [info] > git for-each-ref --sort -committerdate --format %(refname) %(objectname) %(*objectname) [1ms]
2023-02-13 19:43:25.810 [info] > git ls-files --stage -- /home/luiza/Lu-dots/.git/COMMIT_EDITMSG [1ms]
2023-02-13 19:43:25.818 [info] > git show --textconv :.git/COMMIT_EDITMSG [1ms]
2023-02-13 19:43:29.558 [info] > git ls-files --stage -- /home/luiza/Lu-dots/.git/COMMIT_EDITMSG [1ms]
2023-02-13 19:43:29.571 [info] > git show --textconv :.git/COMMIT_EDITMSG [1ms]
2023-02-13 19:43:37.330 [info] > git -c user.useConfigOnly=true commit --quiet [8969ms]
2023-02-13 19:43:37.338 [info] > git config --get commit.template [1ms]
2023-02-13 19:43:37.355 [info] > git for-each-ref --format=%(refname)%00%(upstream:short)%00%(objectname)%00%(upstream:track)%00%(upstream:remotename)%00%(upstream:remoteref) refs/heads/main refs/remotes/main [1ms]
2023-02-13 19:43:37.367 [info] > git status -z -uall [6ms]
2023-02-13 19:43:37.368 [info] > git for-each-ref --sort -committerdate --format %(refname) %(objectname) %(*objectname) [1ms]
2023-02-13 19:43:37.385 [info] > git log --oneline --cherry main...main@{upstream} -- [2ms]
2023-02-13 19:43:37.785 [info] > git show --textconv :hypr/keywords.conf [9ms]
2023-02-13 19:43:37.786 [info] > git ls-files --stage -- /home/luiza/Lu-dots/hypr/keywords.conf [0ms]
2023-02-13 19:43:37.792 [info] > git cat-file -s 082318166f14acd1eb104884018e6296802b4c56 [1ms]
2023-02-13 19:43:37.920 [info] > git pull --tags origin main [524ms]
2023-02-13 19:43:37.920 [info] From https://github.com/Luiza1011/Lu-dots
 * branch            main       -> FETCH_HEAD
2023-02-13 19:43:39.165 [info] > git ls-files --stage -- /home/luiza/Lu-dots/hypr/keywords.conf [2ms]
2023-02-13 19:43:39.178 [info] > git cat-file -s 082318166f14acd1eb104884018e6296802b4c56 [2ms]
2023-02-13 19:43:39.189 [info] > git show --textconv :hypr/keywords.conf [1ms]
2023-02-13 19:43:39.420 [info] > git push origin main:main [1490ms]
2023-02-13 19:43:39.420 [info] To https://github.com/Luiza1011/Lu-dots.git
   3e0db99..dd138e5  main -> main
2023-02-13 19:43:39.448 [info] > git config --get commit.template [15ms]
2023-02-13 19:43:39.448 [info] > git for-each-ref --format=%(refname)%00%(upstream:short)%00%(objectname)%00%(upstream:track)%00%(upstream:remotename)%00%(upstream:remoteref) refs/heads/main refs/remotes/main [5ms]
2023-02-13 19:43:39.463 [info] > git status -z -uall [8ms]
2023-02-13 19:43:39.464 [info] > git for-each-ref --sort -committerdate --format %(refname) %(objectname) %(*objectname) [1ms]
2023-02-13 19:43:39.490 [info] > git config --get commit.template [2ms]
2023-02-13 19:43:39.497 [info] > git for-each-ref --format=%(refname)%00%(upstream:short)%00%(objectname)%00%(upstream:track)%00%(upstream:remotename)%00%(upstream:remoteref) refs/heads/main refs/remotes/main [1ms]
2023-02-13 19:43:39.509 [info] > git status -z -uall [7ms]
2023-02-13 19:43:39.510 [info] > git for-each-ref --sort -committerdate --format %(refname) %(objectname) %(*objectname) [2ms]
2023-02-13 19:43:40.607 [info] > git config --get commit.template [2ms]
2023-02-13 19:43:40.614 [info] > git for-each-ref --format=%(refname)%00%(upstream:short)%00%(objectname)%00%(upstream:track)%00%(upstream:remotename)%00%(upstream:remoteref) refs/heads/main refs/remotes/main [1ms]
2023-02-13 19:43:40.625 [info] > git status -z -uall [6ms]
2023-02-13 19:43:40.626 [info] > git for-each-ref --sort -committerdate --format %(refname) %(objectname) %(*objectname) [1ms]
2023-02-13 19:43:40.714 [info] > git ls-files --stage -- /home/luiza/Lu-dots/hypr/keywords.conf [2ms]
2023-02-13 19:43:40.730 [info] > git cat-file -s 082318166f14acd1eb104884018e6296802b4c56 [1ms]
2023-02-13 19:43:40.744 [info] > git show --textconv :hypr/keywords.conf [1ms]
2023-02-13 19:44:06.331 [info] > git config --get commit.template [2ms]
2023-02-13 19:44:06.342 [info] > git for-each-ref --format=%(refname)%00%(upstream:short)%00%(objectname)%00%(upstream:track)%00%(upstream:remotename)%00%(upstream:remoteref) refs/heads/main refs/remotes/main [2ms]
2023-02-13 19:44:06.356 [info] > git status -z -uall [7ms]
2023-02-13 19:44:06.357 [info] > git for-each-ref --sort -committerdate --format %(refname) %(objectname) %(*objectname) [2ms]
2023-02-13 19:44:16.775 [info] > git config --get commit.template [1ms]
2023-02-13 19:44:16.786 [info] > git for-each-ref --format=%(refname)%00%(upstream:short)%00%(objectname)%00%(upstream:track)%00%(upstream:remotename)%00%(upstream:remoteref) refs/heads/main refs/remotes/main [2ms]
2023-02-13 19:44:16.805 [info] > git status -z -uall [13ms]
2023-02-13 19:44:16.805 [info] > git for-each-ref --sort -committerdate --format %(refname) %(objectname) %(*objectname) [6ms]
2023-02-13 19:44:21.066 [info] > git show --textconv :hypr/autostart.conf [13ms]
2023-02-13 19:44:21.068 [info] > git ls-files --stage -- /home/luiza/Lu-dots/hypr/autostart.conf [3ms]
2023-02-13 19:44:21.078 [info] > git cat-file -s 9bb97eb7bd2a0fe02831484152c783f1f27f0dd8 [1ms]
2023-02-13 19:44:22.222 [info] > git show --textconv :hypr/binds.conf [13ms]
2023-02-13 19:44:22.224 [info] > git ls-files --stage -- /home/luiza/Lu-dots/hypr/binds.conf [3ms]
2023-02-13 19:44:22.231 [info] > git cat-file -s 5a1010cef2e30771a749d5911be188cfe5acc90f [1ms]
2023-02-13 19:44:36.960 [info] > git config --get commit.template [2ms]
2023-02-13 19:44:36.972 [info] > git for-each-ref --format=%(refname)%00%(upstream:short)%00%(objectname)%00%(upstream:track)%00%(upstream:remotename)%00%(upstream:remoteref) refs/heads/main refs/remotes/main [2ms]
2023-02-13 19:44:36.991 [info] > git status -z -uall [12ms]
2023-02-13 19:44:36.991 [info] > git for-each-ref --sort -committerdate --format %(refname) %(objectname) %(*objectname) [4ms]
2023-02-13 19:44:49.143 [info] > git config --get commit.template [1ms]
2023-02-13 19:44:49.154 [info] > git for-each-ref --format=%(refname)%00%(upstream:short)%00%(objectname)%00%(upstream:track)%00%(upstream:remotename)%00%(upstream:remoteref) refs/heads/main refs/remotes/main [2ms]
2023-02-13 19:44:49.172 [info] > git status -z -uall [8ms]
2023-02-13 19:44:49.173 [info] > git for-each-ref --sort -committerdate --format %(refname) %(objectname) %(*objectname) [2ms]
2023-02-13 19:45:15.335 [info] > git config --get commit.template [1ms]
2023-02-13 19:45:15.344 [info] > git for-each-ref --format=%(refname)%00%(upstream:short)%00%(objectname)%00%(upstream:track)%00%(upstream:remotename)%00%(upstream:remoteref) refs/heads/main refs/remotes/main [2ms]
2023-02-13 19:45:15.363 [info] > git status -z -uall [10ms]
2023-02-13 19:45:15.363 [info] > git for-each-ref --sort -committerdate --format %(refname) %(objectname) %(*objectname) [2ms]
2023-02-13 19:46:25.159 [info] > git fetch [507ms]
2023-02-13 19:46:25.178 [info] > git config --get commit.template [8ms]
2023-02-13 19:46:25.179 [info] > git for-each-ref --format=%(refname)%00%(upstream:short)%00%(objectname)%00%(upstream:track)%00%(upstream:remotename)%00%(upstream:remoteref) refs/heads/main refs/remotes/main [2ms]
2023-02-13 19:46:25.193 [info] > git status -z -uall [7ms]
2023-02-13 19:46:25.194 [info] > git for-each-ref --sort -committerdate --format %(refname) %(objectname) %(*objectname) [2ms]
2023-02-13 19:46:26.293 [info] > git config --get commit.template [2ms]
2023-02-13 19:46:26.304 [info] > git for-each-ref --format=%(refname)%00%(upstream:short)%00%(objectname)%00%(upstream:track)%00%(upstream:remotename)%00%(upstream:remoteref) refs/heads/main refs/remotes/main [2ms]
2023-02-13 19:46:26.320 [info] > git status -z -uall [8ms]
2023-02-13 19:46:26.321 [info] > git for-each-ref --sort -committerdate --format %(refname) %(objectname) %(*objectname) [1ms]
2023-02-13 19:46:26.418 [info] > git ls-files --stage -- /home/luiza/Lu-dots/hypr/autostart.conf [10ms]
2023-02-13 19:46:26.424 [info] > git ls-files --stage -- /home/luiza/Lu-dots/hypr/keywords.conf [29ms]
2023-02-13 19:46:26.432 [info] > git cat-file -s 082318166f14acd1eb104884018e6296802b4c56 [2ms]
2023-02-13 19:46:26.433 [info] > git cat-file -s 9bb97eb7bd2a0fe02831484152c783f1f27f0dd8 [9ms]
2023-02-13 19:46:26.433 [info] > git ls-files --stage -- /home/luiza/Lu-dots/hypr/binds.conf [17ms]
2023-02-13 19:46:26.439 [info] > git cat-file -s 5a1010cef2e30771a749d5911be188cfe5acc90f [1ms]
2023-02-13 19:46:26.460 [info] > git show --textconv :hypr/keywords.conf [12ms]
2023-02-13 19:46:26.460 [info] > git show --textconv :hypr/autostart.conf [6ms]
2023-02-13 19:46:26.460 [info] > git show --textconv :hypr/binds.conf [0ms]
2023-02-13 19:47:39.834 [info] > git rev-parse --show-toplevel [30ms]
2023-02-13 19:47:39.839 [info] > git rev-parse --git-dir --git-common-dir [0ms]
2023-02-13 19:47:39.844 [info] Open repository: /home/luiza/Lu-dots/.oh-my-zsh
2023-02-13 19:47:39.851 [info] > git config --get commit.template [2ms]
2023-02-13 19:47:39.857 [info] > git for-each-ref --format=%(refname)%00%(upstream:short)%00%(objectname)%00%(upstream:track)%00%(upstream:remotename)%00%(upstream:remoteref) refs/heads/master refs/remotes/master [1ms]
2023-02-13 19:47:39.857 [info] error: unable to normalize alternate object path: /home/aditya/Archcraft/packages/archcraft-skeleton/archcraft-omz/oh-my-zsh/objects
2023-02-13 19:47:39.869 [info] > git for-each-ref --sort -committerdate --format %(refname) %(objectname) %(*objectname) [1ms]
2023-02-13 19:47:39.869 [info] error: unable to normalize alternate object path: /home/aditya/Archcraft/packages/archcraft-skeleton/archcraft-omz/oh-my-zsh/objects
fatal: missing object 9c2d1af8afa02b5439e8ccc81a160e62e1e59617 for refs/remotes/origin/HEAD
2023-02-13 19:47:39.877 [info] > git status -z -uall [14ms] (cancelled)
2023-02-13 19:47:39.877 [info] > git config --get commit.template [1ms]
2023-02-13 19:47:39.896 [info] > git for-each-ref --format=%(refname)%00%(upstream:short)%00%(objectname)%00%(upstream:track)%00%(upstream:remotename)%00%(upstream:remoteref) refs/heads/master refs/remotes/master [12ms]
2023-02-13 19:47:39.896 [info] error: unable to normalize alternate object path: /home/aditya/Archcraft/packages/archcraft-skeleton/archcraft-omz/oh-my-zsh/objects
2023-02-13 19:47:39.911 [info] > git for-each-ref --sort -committerdate --format %(refname) %(objectname) %(*objectname) [2ms]
2023-02-13 19:47:39.911 [info] error: unable to normalize alternate object path: /home/aditya/Archcraft/packages/archcraft-skeleton/archcraft-omz/oh-my-zsh/objects
fatal: missing object 9c2d1af8afa02b5439e8ccc81a160e62e1e59617 for refs/remotes/origin/HEAD
2023-02-13 19:47:39.918 [info] > git status -z -uall [16ms]
2023-02-13 19:47:40.426 [info] > git check-ignore -v -z --stdin [2ms]
