2023-02-13 19:22:28.958 [info] Using settings sync service https://vscode-sync.trafficmanager.net/
2023-02-13 19:22:28.958 [info] Auto Sync is enabled.
2023-02-13 19:22:28.958 [info] Auto Sync: Suspended until auth token is available.
2023-02-13 19:22:29.646 [info] Auto Sync: Triggered by Interval
2023-02-13 19:22:29.647 [info] Sync started.
2023-02-13 19:22:29.694 [info] Deleting non existing profile from backup /home/luiza/.config/Code/User/sync/extensions
2023-02-13 19:22:29.696 [info] Deleting non existing profile from backup /home/luiza/.config/Code/User/sync/globalState
2023-02-13 19:22:29.698 [info] Deleting non existing profile from backup /home/luiza/.config/Code/User/sync/keybindings
2023-02-13 19:22:29.700 [info] Deleting non existing profile from backup /home/luiza/.config/Code/User/sync/profiles
2023-02-13 19:22:29.702 [info] Deleting non existing profile from backup /home/luiza/.config/Code/User/sync/settings
2023-02-13 19:22:29.703 [info] Deleting non existing profile from backup /home/luiza/.config/Code/User/sync/snippets
2023-02-13 19:22:29.705 [info] Deleting non existing profile from backup /home/luiza/.config/Code/User/sync/tasks
2023-02-13 19:22:30.749 [info] Settings: Last sync resource does not exist locally.
2023-02-13 19:22:31.353 [info] Settings: No changes found during synchronizing settings.
2023-02-13 19:22:31.356 [info] Keybindings: Last sync resource does not exist locally.
2023-02-13 19:22:31.854 [info] Keybindings: No changes found during synchronizing keybindings.
2023-02-13 19:22:31.862 [info] Snippets: Last sync resource does not exist locally.
2023-02-13 19:22:32.861 [info] Snippets: No changes found during synchronizing snippets.
2023-02-13 19:22:32.867 [info] Tasks: Last sync resource does not exist locally.
2023-02-13 19:22:33.272 [info] Tasks: No changes found during synchronizing tasks.
2023-02-13 19:22:33.282 [info] GlobalState: Last sync resource does not exist locally.
2023-02-13 19:22:34.435 [info] GlobalState: Updated remote ui state. Updated: workbench.panel.pinnedPanels.
2023-02-13 19:22:34.494 [info] GlobalState: Updated last synchronized ui state
2023-02-13 19:22:34.497 [info] Extensions: Last sync resource does not exist locally.
2023-02-13 19:22:35.196 [info] Extensions: No changes found during synchronizing extensions.
2023-02-13 19:22:35.198 [info] Profiles: Last sync resource does not exist locally.
2023-02-13 19:22:35.813 [info] Profiles: No changes found during synchronizing profiles.
2023-02-13 19:22:35.820 [info] Sync done. Took 6174ms
2023-02-13 19:23:15.245 [info] Auto Sync: Triggered by Activity
2023-02-13 19:23:15.245 [info] Sync started.
2023-02-13 19:23:15.527 [info] Settings: No changes found during synchronizing settings.
2023-02-13 19:23:15.533 [info] Keybindings: No changes found during synchronizing keybindings.
2023-02-13 19:23:15.537 [info] Snippets: No changes found during synchronizing snippets.
2023-02-13 19:23:15.539 [info] Tasks: No changes found during synchronizing tasks.
2023-02-13 19:23:15.542 [info] GlobalState: No changes found during synchronizing ui state.
2023-02-13 19:23:15.595 [info] Extensions: No changes found during synchronizing extensions.
2023-02-13 19:23:15.597 [info] Profiles: No changes found during synchronizing profiles.
2023-02-13 19:23:15.599 [info] Sync done. Took 356ms
2023-02-13 19:23:25.922 [info] Auto Sync: Triggered by Activity
2023-02-13 19:23:25.923 [info] Sync started.
2023-02-13 19:23:26.190 [info] Settings: No changes found during synchronizing settings.
2023-02-13 19:23:26.198 [info] Keybindings: No changes found during synchronizing keybindings.
2023-02-13 19:23:26.204 [info] Snippets: No changes found during synchronizing snippets.
2023-02-13 19:23:26.210 [info] Tasks: No changes found during synchronizing tasks.
2023-02-13 19:23:26.794 [info] GlobalState: Updated remote ui state. Updated: workbench.panel.pinnedPanels.
2023-02-13 19:23:26.847 [info] GlobalState: Updated last synchronized ui state
2023-02-13 19:23:26.903 [info] Extensions: No changes found during synchronizing extensions.
2023-02-13 19:23:26.905 [info] Profiles: No changes found during synchronizing profiles.
2023-02-13 19:23:26.909 [info] Sync done. Took 987ms
2023-02-13 19:23:45.759 [info] Auto Sync: Triggered by Activity
2023-02-13 19:23:45.760 [info] Sync started.
2023-02-13 19:23:46.217 [info] Settings: No changes found during synchronizing settings.
2023-02-13 19:23:46.226 [info] Keybindings: No changes found during synchronizing keybindings.
2023-02-13 19:23:46.233 [info] Snippets: No changes found during synchronizing snippets.
2023-02-13 19:23:46.239 [info] Tasks: No changes found during synchronizing tasks.
2023-02-13 19:23:46.247 [info] GlobalState: No changes found during synchronizing ui state.
2023-02-13 19:23:46.302 [info] Extensions: No changes found during synchronizing extensions.
2023-02-13 19:23:46.303 [info] Profiles: No changes found during synchronizing profiles.
2023-02-13 19:23:46.304 [info] Sync done. Took 547ms
2023-02-13 19:25:37.884 [info] Auto Sync: Triggered by Activity
2023-02-13 19:25:37.885 [info] Sync started.
2023-02-13 19:25:38.152 [info] Settings: No changes found during synchronizing settings.
2023-02-13 19:25:38.159 [info] Keybindings: No changes found during synchronizing keybindings.
2023-02-13 19:25:38.162 [info] Snippets: No changes found during synchronizing snippets.
2023-02-13 19:25:38.165 [info] Tasks: No changes found during synchronizing tasks.
2023-02-13 19:25:38.170 [info] GlobalState: No changes found during synchronizing ui state.
2023-02-13 19:25:38.230 [info] Extensions: No changes found during synchronizing extensions.
2023-02-13 19:25:38.232 [info] Profiles: No changes found during synchronizing profiles.
2023-02-13 19:25:38.234 [info] Sync done. Took 351ms
2023-02-13 19:27:00.379 [info] Auto Sync: Triggered by Activity
2023-02-13 19:27:00.380 [info] Sync started.
2023-02-13 19:27:00.910 [info] Settings: No changes found during synchronizing settings.
2023-02-13 19:27:00.917 [info] Keybindings: No changes found during synchronizing keybindings.
2023-02-13 19:27:00.922 [info] Snippets: No changes found during synchronizing snippets.
2023-02-13 19:27:00.926 [info] Tasks: No changes found during synchronizing tasks.
2023-02-13 19:27:00.932 [info] GlobalState: No changes found during synchronizing ui state.
2023-02-13 19:27:00.983 [info] Extensions: No changes found during synchronizing extensions.
2023-02-13 19:27:00.985 [info] Profiles: No changes found during synchronizing profiles.
2023-02-13 19:27:00.987 [info] Sync done. Took 608ms
2023-02-13 19:27:08.266 [info] Auto Sync: Triggered by Activity
2023-02-13 19:27:08.266 [info] Sync started.
2023-02-13 19:27:08.524 [info] Settings: No changes found during synchronizing settings.
2023-02-13 19:27:08.526 [info] Keybindings: No changes found during synchronizing keybindings.
2023-02-13 19:27:08.528 [info] Snippets: No changes found during synchronizing snippets.
2023-02-13 19:27:08.532 [info] Tasks: No changes found during synchronizing tasks.
2023-02-13 19:27:08.535 [info] GlobalState: No changes found during synchronizing ui state.
2023-02-13 19:27:09.173 [info] Extensions: Updated remote extensions. Updated: ["redjue.git-commit-plugin"].
2023-02-13 19:27:09.258 [info] Extensions: Updated last synchronized extensions.
2023-02-13 19:27:09.265 [info] Profiles: No changes found during synchronizing profiles.
2023-02-13 19:27:09.267 [info] Sync done. Took 1002ms
2023-02-13 19:27:24.920 [info] Auto Sync: Triggered by Activity
2023-02-13 19:27:24.920 [info] Sync started.
2023-02-13 19:27:25.368 [info] Settings: No changes found during synchronizing settings.
2023-02-13 19:27:25.376 [info] Keybindings: No changes found during synchronizing keybindings.
2023-02-13 19:27:25.382 [info] Snippets: No changes found during synchronizing snippets.
2023-02-13 19:27:25.386 [info] Tasks: No changes found during synchronizing tasks.
2023-02-13 19:27:25.389 [info] GlobalState: No changes found during synchronizing ui state.
2023-02-13 19:27:25.445 [info] Extensions: No changes found during synchronizing extensions.
2023-02-13 19:27:25.447 [info] Profiles: No changes found during synchronizing profiles.
2023-02-13 19:27:25.448 [info] Sync done. Took 529ms
2023-02-13 19:28:44.726 [info] Auto Sync: Triggered by Activity
2023-02-13 19:28:44.726 [info] Sync started.
2023-02-13 19:28:45.116 [info] Settings: No changes found during synchronizing settings.
2023-02-13 19:28:45.124 [info] Keybindings: No changes found during synchronizing keybindings.
2023-02-13 19:28:45.132 [info] Snippets: No changes found during synchronizing snippets.
2023-02-13 19:28:45.135 [info] Tasks: No changes found during synchronizing tasks.
2023-02-13 19:28:45.139 [info] GlobalState: No changes found during synchronizing ui state.
2023-02-13 19:28:45.246 [info] Extensions: No changes found during synchronizing extensions.
2023-02-13 19:28:45.255 [info] Profiles: No changes found during synchronizing profiles.
2023-02-13 19:28:45.257 [info] Sync done. Took 540ms
2023-02-13 19:28:58.934 [info] Auto Sync: Triggered by Activity
2023-02-13 19:28:58.934 [info] Sync started.
2023-02-13 19:28:59.377 [info] Settings: No changes found during synchronizing settings.
2023-02-13 19:28:59.386 [info] Keybindings: No changes found during synchronizing keybindings.
2023-02-13 19:28:59.395 [info] Snippets: No changes found during synchronizing snippets.
2023-02-13 19:28:59.400 [info] Tasks: No changes found during synchronizing tasks.
2023-02-13 19:28:59.412 [info] GlobalState: No changes found during synchronizing ui state.
2023-02-13 19:28:59.483 [info] Extensions: No changes found during synchronizing extensions.
2023-02-13 19:28:59.485 [info] Profiles: No changes found during synchronizing profiles.
2023-02-13 19:28:59.486 [info] Sync done. Took 554ms
2023-02-13 19:29:54.402 [info] Auto Sync: Triggered by Activity
2023-02-13 19:29:54.403 [info] Sync started.
2023-02-13 19:29:54.784 [info] Settings: No changes found during synchronizing settings.
2023-02-13 19:29:54.792 [info] Keybindings: No changes found during synchronizing keybindings.
2023-02-13 19:29:54.801 [info] Snippets: No changes found during synchronizing snippets.
2023-02-13 19:29:54.807 [info] Tasks: No changes found during synchronizing tasks.
2023-02-13 19:29:54.821 [info] GlobalState: No changes found during synchronizing ui state.
2023-02-13 19:29:54.884 [info] Extensions: No changes found during synchronizing extensions.
2023-02-13 19:29:54.886 [info] Profiles: No changes found during synchronizing profiles.
2023-02-13 19:29:54.887 [info] Sync done. Took 487ms
2023-02-13 19:30:52.966 [info] Auto Sync: Triggered by Activity
2023-02-13 19:30:52.966 [info] Sync started.
2023-02-13 19:30:53.235 [info] Settings: No changes found during synchronizing settings.
2023-02-13 19:30:53.244 [info] Keybindings: No changes found during synchronizing keybindings.
2023-02-13 19:30:53.251 [info] Snippets: No changes found during synchronizing snippets.
2023-02-13 19:30:53.256 [info] Tasks: No changes found during synchronizing tasks.
2023-02-13 19:30:53.266 [info] GlobalState: No changes found during synchronizing ui state.
2023-02-13 19:30:53.363 [info] Extensions: No changes found during synchronizing extensions.
2023-02-13 19:30:53.365 [info] Profiles: No changes found during synchronizing profiles.
2023-02-13 19:30:53.370 [info] Sync done. Took 406ms
