2023-02-13 19:22:29.544 [info] Reading sessions from keychain...
2023-02-13 19:22:29.544 [info] Getting sessions for user:email...
2023-02-13 19:22:29.544 [info] Got stored sessions!
2023-02-13 19:22:29.544 [info] Got 2 verified sessions.
2023-02-13 19:22:29.544 [info] Got 1 sessions for user:email...
2023-02-13 19:22:29.544 [info] Getting sessions for all scopes...
2023-02-13 19:22:29.544 [info] Got 2 sessions for ...
2023-02-13 19:22:29.760 [info] Getting sessions for all scopes...
2023-02-13 19:22:29.760 [info] Got 2 sessions for ...
2023-02-13 19:22:31.422 [info] Getting user info...
2023-02-13 19:22:31.790 [info] Got account info!
2023-02-13 19:23:13.857 [info] Reading sessions from keychain...
2023-02-13 19:23:13.857 [info] Getting sessions for user:email...
2023-02-13 19:23:13.857 [info] Got stored sessions!
2023-02-13 19:23:13.857 [info] Got 2 verified sessions.
2023-02-13 19:23:13.857 [info] Got 1 sessions for user:email...
2023-02-13 19:23:13.857 [info] Getting sessions for all scopes...
2023-02-13 19:23:13.857 [info] Got 2 sessions for ...
2023-02-13 19:23:13.857 [info] Getting sessions for read:user,repo,user:email...
2023-02-13 19:23:13.857 [info] Got 0 sessions for read:user,repo,user:email...
2023-02-13 19:23:13.900 [info] Getting sessions for all scopes...
2023-02-13 19:23:13.900 [info] Got 2 sessions for ...
2023-02-13 19:23:15.464 [info] Getting user info...
2023-02-13 19:23:15.704 [info] Got account info!
2023-02-13 19:23:23.980 [info] Reading sessions from keychain...
2023-02-13 19:23:23.980 [info] Getting sessions for user:email...
2023-02-13 19:23:23.980 [info] Got stored sessions!
2023-02-13 19:23:23.980 [info] Got 2 verified sessions.
2023-02-13 19:23:23.980 [info] Got 1 sessions for user:email...
2023-02-13 19:23:23.980 [info] Getting sessions for all scopes...
2023-02-13 19:23:23.980 [info] Got 2 sessions for ...
2023-02-13 19:23:23.980 [info] Getting sessions for user:email...
2023-02-13 19:23:23.980 [info] Got 1 sessions for user:email...
2023-02-13 19:23:23.980 [info] Getting sessions for all scopes...
2023-02-13 19:23:23.980 [info] Got 2 sessions for ...
2023-02-13 19:23:24.330 [info] Getting sessions for all scopes...
2023-02-13 19:23:24.330 [info] Got 2 sessions for ...
2023-02-13 19:23:24.492 [info] Getting sessions for read:user,repo,user:email...
2023-02-13 19:23:24.492 [info] Got 0 sessions for read:user,repo,user:email...
2023-02-13 19:23:25.732 [info] Getting user info...
2023-02-13 19:23:25.989 [info] Got account info!
2023-02-13 19:26:34.255 [info] Getting sessions for read:user,repo,user:email,workflow...
2023-02-13 19:26:34.255 [info] Got 1 sessions for read:user,repo,user:email,workflow...
2023-02-13 19:27:20.552 [info] Getting sessions for read:user,repo,user:email...
2023-02-13 19:27:20.552 [info] Got 0 sessions for read:user,repo,user:email...
2023-02-13 19:30:25.325 [info] Getting sessions for read:user,repo,user:email,workflow...
2023-02-13 19:30:25.325 [info] Got 1 sessions for read:user,repo,user:email,workflow...
2023-02-13 19:30:32.896 [info] Getting sessions for read:user,repo,user:email...
2023-02-13 19:30:32.896 [info] Got 0 sessions for read:user,repo,user:email...
