2023-02-13 19:31:12.223 [info] Extension host with pid 61719 started
2023-02-13 19:31:12.223 [info] Skipping acquiring lock for /home/luiza/.config/Code/User/workspaceStorage/2de5bc56242b520a777cca1d85cfe363.
2023-02-13 19:31:12.305 [info] ExtensionService#_doActivateExtension vscode.emmet, startup: false, activationEvent: 'onLanguage'
2023-02-13 19:31:12.311 [info] ExtensionService#_doActivateExtension vscode.npm, startup: false, activationEvent: 'onLanguage:properties'
2023-02-13 19:31:12.320 [info] ExtensionService#_doActivateExtension vscode.git-base, startup: true, activationEvent: '*', root cause: vscode.git
2023-02-13 19:31:12.321 [info] ExtensionService#_doActivateExtension donjayamanne.githistory, startup: true, activationEvent: '*'
2023-02-13 19:31:12.334 [info] ExtensionService#_doActivateExtension jzmstrjp.color-the-tag-name, startup: true, activationEvent: '*'
2023-02-13 19:31:12.336 [info] ExtensionService#_doActivateExtension mhutchie.git-graph, startup: true, activationEvent: '*'
2023-02-13 19:31:12.406 [info] ExtensionService#_doActivateExtension vscode.git, startup: true, activationEvent: '*'
2023-02-13 19:31:12.437 [info] ExtensionService#_doActivateExtension vscode.github, startup: true, activationEvent: '*'
2023-02-13 19:31:12.472 [info] ExtensionService#_doActivateExtension circlecodesolution.ccs-flutter-color, startup: true, activationEvent: 'workspaceContains:**/*'
2023-02-13 19:31:12.493 [info] Eager extensions activated
2023-02-13 19:31:12.526 [info] ExtensionService#_doActivateExtension vscode.debug-auto-launch, startup: false, activationEvent: 'onStartupFinished'
2023-02-13 19:31:12.528 [info] ExtensionService#_doActivateExtension vscode.merge-conflict, startup: false, activationEvent: 'onStartupFinished'
2023-02-13 19:31:12.537 [info] ExtensionService#_doActivateExtension alefragnani.project-manager, startup: false, activationEvent: 'onStartupFinished'
2023-02-13 19:31:12.543 [info] ExtensionService#_doActivateExtension eamodio.gitlens, startup: false, activationEvent: 'onStartupFinished'
2023-02-13 19:31:12.588 [info] ExtensionService#_doActivateExtension royaction.color-manager, startup: false, activationEvent: 'onStartupFinished'
2023-02-13 19:31:12.890 [info] ExtensionService#_doActivateExtension esbenp.prettier-vscode, startup: false, activationEvent: 'onStartupFinished'
2023-02-13 19:31:13.023 [info] ExtensionService#_doActivateExtension vscode.github-authentication, startup: false, activationEvent: 'onAuthenticationRequest:github'
2023-02-13 19:31:13.103 [info] ExtensionService#_doActivateExtension vscode.microsoft-authentication, startup: false, activationEvent: 'onAuthenticationRequest:microsoft'
2023-02-13 19:31:14.532 [info] ExtensionService#_doActivateExtension vscode.configuration-editing, startup: false, activationEvent: 'onLanguage:jsonc'
2023-02-13 19:31:14.535 [info] ExtensionService#_doActivateExtension vscode.json-language-features, startup: false, activationEvent: 'onLanguage:jsonc'
2023-02-13 19:31:14.553 [info] ExtensionService#_doActivateExtension vscode.typescript-language-features, startup: false, activationEvent: 'onLanguage:jsonc'
2023-02-13 19:31:21.017 [warning] TextEditor is closed/disposed
2023-02-13 19:31:25.778 [warning] TextEditor is closed/disposed
2023-02-13 19:31:45.244 [warning] TextEditor is closed/disposed
2023-02-13 19:31:45.732 [warning] TextEditor is closed/disposed
2023-02-13 19:31:46.923 [warning] TextEditor is closed/disposed
2023-02-13 19:31:48.483 [warning] TextEditor is closed/disposed
2023-02-13 19:31:52.991 [warning] TextEditor is closed/disposed
2023-02-13 19:31:54.032 [warning] TextEditor is closed/disposed
2023-02-13 19:31:56.264 [warning] TextEditor is closed/disposed
2023-02-13 19:31:57.107 [warning] TextEditor is closed/disposed
2023-02-13 19:31:57.522 [warning] TextEditor is closed/disposed
