2023-02-13 17:11:48.279 [info] Added views:workbench.panel.markers.view in workbench.panel.markers
2023-02-13 17:11:48.279 [info] Added views:workbench.panel.output in workbench.panel.output
2023-02-13 17:11:48.279 [info] Added views:terminal in terminal
2023-02-13 17:11:48.279 [info] Added views:outline in workbench.view.explorer
2023-02-13 17:11:48.279 [info] Added views:workbench.scm in workbench.view.scm
2023-02-13 17:11:48.279 [info] Added views:workbench.view.search in workbench.view.search
2023-02-13 17:11:48.279 [info] Added views:timeline in workbench.view.explorer
2023-02-13 17:11:48.279 [info] Added views:workbench.explorer.emptyView in workbench.view.explorer
2023-02-13 17:11:49.098 [info] Added views:workbench.debug.variablesView,workbench.debug.watchExpressionsView,workbench.debug.callStackView,workbench.debug.breakPointsView in workbench.view.debug
2023-02-13 17:11:49.125 [info] Added views:workbench.panel.repl.view in workbench.panel.repl
2023-02-13 17:11:49.126 [info] Removed views:workbench.debug.breakPointsView,workbench.debug.callStackView,workbench.debug.watchExpressionsView,workbench.debug.variablesView from workbench.view.debug
2023-02-13 17:11:49.126 [info] Added views:workbench.debug.welcome in workbench.view.debug
2023-02-13 17:12:04.126 [info] Added views:workbench.views.extensions.installed,workbench.views.extensions.popular,extensions.recommendedList in workbench.view.extensions
2023-02-13 17:12:04.128 [info] Removed views:workbench.views.extensions.popular from workbench.view.extensions
2023-02-13 17:12:04.356 [info] Added views:workbench.views.extensions.popular in workbench.view.extensions
2023-02-13 17:12:05.377 [info] Removed views:extensions.recommendedList,workbench.views.extensions.popular,workbench.views.extensions.installed from workbench.view.extensions
2023-02-13 17:12:05.397 [info] Added views:workbench.views.extensions.marketplace in workbench.view.extensions
2023-02-13 17:12:23.864 [info] Added views:issuesAndMrs in workbench.view.extension.gitlab-workflow
2023-02-13 17:13:46.095 [info] Removed views:workbench.views.extensions.marketplace from workbench.view.extensions
2023-02-13 17:13:46.108 [info] Added views:workbench.views.extensions.installed,workbench.views.extensions.popular,extensions.recommendedList in workbench.view.extensions
2023-02-13 17:14:41.141 [info] Removed views:extensions.recommendedList,workbench.views.extensions.popular,workbench.views.extensions.installed from workbench.view.extensions
2023-02-13 17:14:41.186 [info] Added views:workbench.views.extensions.marketplace in workbench.view.extensions
2023-02-13 17:14:51.488 [info] Added views:gitlens.views.home in workbench.view.extension.gitlens
2023-02-13 17:14:51.490 [info] Added views:gitlens.views.commits,gitlens.views.commitDetails,gitlens.views.fileHistory,gitlens.views.branches,gitlens.views.remotes,gitlens.views.stashes,gitlens.views.tags,gitlens.views.searchAndCompare in workbench.view.scm
2023-02-13 17:14:51.824 [info] Removed views:gitlens.views.searchAndCompare,gitlens.views.tags,gitlens.views.stashes,gitlens.views.remotes,gitlens.views.branches,gitlens.views.fileHistory,gitlens.views.commitDetails,gitlens.views.commits from workbench.view.scm
2023-02-13 17:15:06.636 [info] Added views:projectsExplorerFavorites,projectManagerHelpAndFeedback in workbench.view.extension.project-manager
2023-02-13 17:15:06.788 [info] Added views:projectsExplorerGit in workbench.view.extension.project-manager
2023-02-13 17:16:48.178 [info] Added views:workbench.panel.markers.view in workbench.panel.markers
2023-02-13 17:16:48.178 [info] Added views:workbench.panel.output in workbench.panel.output
2023-02-13 17:16:48.178 [info] Added views:terminal in terminal
2023-02-13 17:16:48.178 [info] Added views:outline in workbench.view.explorer
2023-02-13 17:16:48.178 [info] Added views:workbench.scm in workbench.view.scm
2023-02-13 17:16:48.178 [info] Added views:workbench.view.search in workbench.view.search
2023-02-13 17:16:48.178 [info] Added views:timeline in workbench.view.explorer
2023-02-13 17:16:48.178 [info] Added views:workbench.explorer.fileView in workbench.view.explorer
2023-02-13 17:16:48.312 [info] Added views:workbench.debug.variablesView,workbench.debug.watchExpressionsView,workbench.debug.callStackView,workbench.debug.breakPointsView in workbench.view.debug
2023-02-13 17:16:48.551 [info] Added views:projectsExplorerFavorites,projectManagerHelpAndFeedback in workbench.view.extension.project-manager
2023-02-13 17:16:48.551 [info] Added views:gitlens.views.home in workbench.view.extension.gitlens
2023-02-13 17:16:48.552 [info] Added views:gitlens.views.commits,gitlens.views.commitDetails,gitlens.views.fileHistory,gitlens.views.branches,gitlens.views.remotes,gitlens.views.stashes,gitlens.views.tags,gitlens.views.searchAndCompare in workbench.view.scm
2023-02-13 17:16:48.755 [info] Added views:workbench.panel.repl.view in workbench.panel.repl
2023-02-13 17:16:48.758 [info] Removed views:workbench.debug.breakPointsView,workbench.debug.callStackView,workbench.debug.watchExpressionsView,workbench.debug.variablesView from workbench.view.debug
2023-02-13 17:16:48.759 [info] Added views:workbench.debug.welcome in workbench.view.debug
2023-02-13 17:16:48.977 [info] Added views:projectsExplorerGit in workbench.view.extension.project-manager
2023-02-13 17:16:49.030 [info] Added views:gitlens.views.timeline in workbench.view.extension.gitlensPanel
2023-02-13 17:16:49.032 [info] Added views:gitlens.views.worktrees in workbench.view.scm
2023-02-13 17:24:14.214 [info] Removed views:workbench.panel.repl.view from workbench.panel.repl
2023-02-13 17:24:15.205 [info] Added views:workbench.panel.repl.view in workbench.panel.repl
2023-02-13 17:25:00.397 [info] Added views:workbench.panel.markers.view in workbench.panel.markers
2023-02-13 17:25:00.397 [info] Added views:workbench.panel.output in workbench.panel.output
2023-02-13 17:25:00.397 [info] Added views:terminal in terminal
2023-02-13 17:25:00.397 [info] Added views:outline in workbench.view.explorer
2023-02-13 17:25:00.397 [info] Added views:workbench.scm in workbench.view.scm
2023-02-13 17:25:00.397 [info] Added views:workbench.view.search in workbench.view.search
2023-02-13 17:25:00.397 [info] Added views:timeline in workbench.view.explorer
2023-02-13 17:25:00.397 [info] Added views:workbench.explorer.emptyView in workbench.view.explorer
2023-02-13 17:25:00.473 [info] Added views:workbench.debug.variablesView,workbench.debug.watchExpressionsView,workbench.debug.callStackView,workbench.debug.breakPointsView in workbench.view.debug
2023-02-13 17:25:00.660 [info] Added views:projectsExplorerFavorites,projectManagerHelpAndFeedback in workbench.view.extension.project-manager
2023-02-13 17:25:00.661 [info] Added views:gitlens.views.home in workbench.view.extension.gitlens
2023-02-13 17:25:00.661 [info] Added views:gitlens.views.commits,gitlens.views.commitDetails,gitlens.views.fileHistory,gitlens.views.branches,gitlens.views.remotes,gitlens.views.stashes,gitlens.views.tags,gitlens.views.searchAndCompare in workbench.view.scm
2023-02-13 17:25:00.945 [info] Added views:workbench.panel.repl.view in workbench.panel.repl
2023-02-13 17:25:00.945 [info] Removed views:workbench.debug.breakPointsView,workbench.debug.callStackView,workbench.debug.watchExpressionsView,workbench.debug.variablesView from workbench.view.debug
2023-02-13 17:25:00.946 [info] Added views:workbench.debug.welcome in workbench.view.debug
2023-02-13 17:25:01.268 [info] Added views:projectsExplorerGit in workbench.view.extension.project-manager
2023-02-13 17:25:01.291 [info] Removed views:gitlens.views.searchAndCompare,gitlens.views.tags,gitlens.views.stashes,gitlens.views.remotes,gitlens.views.branches,gitlens.views.fileHistory,gitlens.views.commitDetails,gitlens.views.commits from workbench.view.scm
2023-02-13 17:25:10.316 [info] Added views:workbench.panel.markers.view in workbench.panel.markers
2023-02-13 17:25:10.316 [info] Added views:workbench.panel.output in workbench.panel.output
2023-02-13 17:25:10.316 [info] Added views:terminal in terminal
2023-02-13 17:25:10.316 [info] Added views:outline in workbench.view.explorer
2023-02-13 17:25:10.316 [info] Added views:workbench.scm in workbench.view.scm
2023-02-13 17:25:10.316 [info] Added views:workbench.view.search in workbench.view.search
2023-02-13 17:25:10.316 [info] Added views:timeline in workbench.view.explorer
2023-02-13 17:25:10.316 [info] Added views:workbench.explorer.fileView in workbench.view.explorer
2023-02-13 17:25:10.462 [info] Added views:projectsExplorerFavorites,projectManagerHelpAndFeedback in workbench.view.extension.project-manager
2023-02-13 17:25:10.463 [info] Added views:gitlens.views.home in workbench.view.extension.gitlens
2023-02-13 17:25:10.464 [info] Added views:gitlens.views.commits,gitlens.views.commitDetails,gitlens.views.fileHistory,gitlens.views.branches,gitlens.views.remotes,gitlens.views.stashes,gitlens.views.tags,gitlens.views.searchAndCompare in workbench.view.scm
2023-02-13 17:25:10.588 [info] Added views:workbench.debug.variablesView,workbench.debug.watchExpressionsView,workbench.debug.callStackView,workbench.debug.breakPointsView in workbench.view.debug
2023-02-13 17:25:10.678 [info] Added views:workbench.panel.repl.view in workbench.panel.repl
2023-02-13 17:25:10.680 [info] Removed views:workbench.debug.breakPointsView,workbench.debug.callStackView,workbench.debug.watchExpressionsView,workbench.debug.variablesView from workbench.view.debug
2023-02-13 17:25:10.681 [info] Added views:workbench.debug.welcome in workbench.view.debug
2023-02-13 17:25:11.043 [info] Added views:projectsExplorerGit in workbench.view.extension.project-manager
2023-02-13 17:25:11.081 [info] Added views:gitlens.views.timeline in workbench.view.extension.gitlensPanel
2023-02-13 17:25:11.082 [info] Added views:gitlens.views.worktrees in workbench.view.scm
2023-02-13 17:39:01.371 [info] Removed views:workbench.panel.repl.view from workbench.panel.repl
2023-02-13 17:39:01.587 [info] Added views:workbench.panel.repl.view in workbench.panel.repl
2023-02-13 17:39:05.247 [info] Added views:workbench.panel.markers.view in workbench.panel.markers
2023-02-13 17:39:05.276 [info] Added views:workbench.panel.output in workbench.panel.output
2023-02-13 17:39:05.277 [info] Added views:terminal in terminal
2023-02-13 17:39:05.277 [info] Added views:outline in workbench.view.explorer
2023-02-13 17:39:05.277 [info] Added views:workbench.scm in workbench.view.scm
2023-02-13 17:39:05.277 [info] Added views:workbench.view.search in workbench.view.search
2023-02-13 17:39:05.277 [info] Added views:timeline in workbench.view.explorer
2023-02-13 17:39:05.277 [info] Added views:workbench.explorer.fileView in workbench.view.explorer
2023-02-13 17:39:05.448 [info] Added views:projectsExplorerFavorites,projectManagerHelpAndFeedback in workbench.view.extension.project-manager
2023-02-13 17:39:05.448 [info] Added views:gitlens.views.home in workbench.view.extension.gitlens
2023-02-13 17:39:05.449 [info] Added views:gitlens.views.commits,gitlens.views.commitDetails,gitlens.views.fileHistory,gitlens.views.branches,gitlens.views.remotes,gitlens.views.stashes,gitlens.views.tags,gitlens.views.searchAndCompare in workbench.view.scm
2023-02-13 17:39:05.484 [info] Added views:workbench.debug.welcome in workbench.view.debug
2023-02-13 17:39:05.737 [info] Added views:workbench.panel.repl.view in workbench.panel.repl
2023-02-13 17:39:06.191 [info] Added views:projectsExplorerGit in workbench.view.extension.project-manager
2023-02-13 17:39:06.242 [info] Added views:gitlens.views.timeline in workbench.view.extension.gitlensPanel
2023-02-13 17:39:06.243 [info] Added views:gitlens.views.worktrees in workbench.view.scm
2023-02-13 19:03:34.645 [info] Added views:workbench.views.extensions.installed,workbench.views.extensions.popular,extensions.recommendedList in workbench.view.extensions
2023-02-13 19:03:34.669 [info] Removed views:workbench.views.extensions.popular from workbench.view.extensions
2023-02-13 19:03:36.169 [info] Removed views:extensions.recommendedList,workbench.views.extensions.installed from workbench.view.extensions
2023-02-13 19:03:36.200 [info] Added views:workbench.views.extensions.marketplace in workbench.view.extensions
2023-02-13 19:05:22.321 [info] Added views:cm_view in workbench.view.extension.color_manager_webview_container
