2023-02-13 19:07:16.199 [info] Added views:workbench.panel.markers.view in workbench.panel.markers
2023-02-13 19:07:16.199 [info] Added views:workbench.panel.output in workbench.panel.output
2023-02-13 19:07:16.199 [info] Added views:terminal in terminal
2023-02-13 19:07:16.199 [info] Added views:outline in workbench.view.explorer
2023-02-13 19:07:16.199 [info] Added views:workbench.scm in workbench.view.scm
2023-02-13 19:07:16.199 [info] Added views:workbench.view.search in workbench.view.search
2023-02-13 19:07:16.199 [info] Added views:timeline in workbench.view.explorer
2023-02-13 19:07:16.199 [info] Added views:workbench.explorer.fileView in workbench.view.explorer
2023-02-13 19:07:17.398 [info] Added views:projectsExplorerFavorites,projectManagerHelpAndFeedback in workbench.view.extension.project-manager
2023-02-13 19:07:17.399 [info] Added views:gitlens.views.home in workbench.view.extension.gitlens
2023-02-13 19:07:17.399 [info] Added views:gitlens.views.commits,gitlens.views.commitDetails,gitlens.views.fileHistory,gitlens.views.branches,gitlens.views.remotes,gitlens.views.stashes,gitlens.views.tags,gitlens.views.searchAndCompare in workbench.view.scm
2023-02-13 19:07:17.399 [info] Added views:cm_view in workbench.view.extension.color_manager_webview_container
2023-02-13 19:07:17.506 [info] Added views:workbench.debug.welcome in workbench.view.debug
2023-02-13 19:07:17.560 [info] Added views:workbench.panel.repl.view in workbench.panel.repl
2023-02-13 19:07:20.517 [info] Added views:projectsExplorerGit in workbench.view.extension.project-manager
2023-02-13 19:07:20.740 [info] Added views:gitlens.views.timeline in workbench.view.extension.gitlensPanel
2023-02-13 19:07:20.741 [info] Added views:gitlens.views.worktrees in workbench.view.scm
2023-02-13 19:09:48.540 [info] Added views:workbench.views.extensions.installed,workbench.views.extensions.popular,extensions.recommendedList in workbench.view.extensions
2023-02-13 19:09:48.548 [info] Removed views:workbench.views.extensions.popular from workbench.view.extensions
2023-02-13 19:09:52.202 [info] Removed views:extensions.recommendedList,workbench.views.extensions.installed from workbench.view.extensions
2023-02-13 19:09:52.222 [info] Added views:workbench.views.extensions.marketplace in workbench.view.extensions
2023-02-13 19:10:01.038 [info] Removed views:workbench.views.extensions.marketplace from workbench.view.extensions
2023-02-13 19:10:01.052 [info] Added views:workbench.views.extensions.installed,extensions.recommendedList in workbench.view.extensions
2023-02-13 19:10:02.730 [info] Removed views:extensions.recommendedList,workbench.views.extensions.installed from workbench.view.extensions
2023-02-13 19:10:02.759 [info] Added views:workbench.views.extensions.marketplace in workbench.view.extensions
2023-02-13 19:20:00.145 [info] Added views:workbench.panel.markers.view in workbench.panel.markers
2023-02-13 19:20:00.145 [info] Added views:workbench.panel.output in workbench.panel.output
2023-02-13 19:20:00.145 [info] Added views:terminal in terminal
2023-02-13 19:20:00.145 [info] Added views:outline in workbench.view.explorer
2023-02-13 19:20:00.145 [info] Added views:workbench.scm in workbench.view.scm
2023-02-13 19:20:00.145 [info] Added views:workbench.view.search in workbench.view.search
2023-02-13 19:20:00.145 [info] Added views:timeline in workbench.view.explorer
2023-02-13 19:20:00.145 [info] Added views:workbench.explorer.fileView in workbench.view.explorer
2023-02-13 19:20:00.288 [info] Added views:workbench.debug.welcome in workbench.view.debug
2023-02-13 19:20:00.606 [info] Added views:projectsExplorerFavorites,projectManagerHelpAndFeedback in workbench.view.extension.project-manager
2023-02-13 19:20:00.606 [info] Added views:gitlens.views.home in workbench.view.extension.gitlens
2023-02-13 19:20:00.606 [info] Added views:gitlens.views.commits,gitlens.views.commitDetails,gitlens.views.fileHistory,gitlens.views.branches,gitlens.views.remotes,gitlens.views.stashes,gitlens.views.tags,gitlens.views.searchAndCompare in workbench.view.scm
2023-02-13 19:20:00.607 [info] Added views:cm_view in workbench.view.extension.color_manager_webview_container
2023-02-13 19:20:00.810 [info] Added views:workbench.panel.repl.view in workbench.panel.repl
2023-02-13 19:20:01.208 [info] Added views:projectsExplorerGit in workbench.view.extension.project-manager
2023-02-13 19:20:01.265 [info] Added views:gitlens.views.timeline in workbench.view.extension.gitlensPanel
2023-02-13 19:20:01.266 [info] Added views:gitlens.views.worktrees in workbench.view.scm
2023-02-13 19:21:22.240 [info] Added views:workbench.explorer.emptyView in workbench.view.explorer
2023-02-13 19:21:22.253 [info] Removed views:workbench.explorer.fileView from workbench.view.explorer
2023-02-13 19:21:22.527 [info] Removed views:workbench.panel.repl.view from workbench.panel.repl
2023-02-13 19:21:22.619 [info] Added views:workbench.panel.repl.view in workbench.panel.repl
2023-02-13 19:21:22.973 [info] Removed views:gitlens.views.searchAndCompare,gitlens.views.worktrees,gitlens.views.tags,gitlens.views.stashes,gitlens.views.remotes,gitlens.views.branches,gitlens.views.fileHistory,gitlens.views.commitDetails,gitlens.views.commits from workbench.view.scm
2023-02-13 19:21:22.974 [info] Removed views:gitlens.views.timeline from workbench.view.extension.gitlensPanel
2023-02-13 19:21:23.069 [info] Added views:gitlens.views.timeline in workbench.view.extension.gitlensPanel
2023-02-13 19:21:23.070 [info] Added views:gitlens.views.commits,gitlens.views.commitDetails,gitlens.views.fileHistory,gitlens.views.branches,gitlens.views.remotes,gitlens.views.stashes,gitlens.views.tags,gitlens.views.worktrees,gitlens.views.searchAndCompare in workbench.view.scm
2023-02-13 19:21:38.965 [info] Added views:workbench.panel.markers.view in workbench.panel.markers
2023-02-13 19:21:38.965 [info] Added views:workbench.panel.output in workbench.panel.output
2023-02-13 19:21:38.965 [info] Added views:terminal in terminal
2023-02-13 19:21:38.965 [info] Added views:outline in workbench.view.explorer
2023-02-13 19:21:38.965 [info] Added views:workbench.scm in workbench.view.scm
2023-02-13 19:21:38.965 [info] Added views:workbench.view.search in workbench.view.search
2023-02-13 19:21:38.965 [info] Added views:timeline in workbench.view.explorer
2023-02-13 19:21:38.965 [info] Added views:workbench.explorer.fileView in workbench.view.explorer
2023-02-13 19:21:39.167 [info] Added views:projectsExplorerFavorites,projectManagerHelpAndFeedback in workbench.view.extension.project-manager
2023-02-13 19:21:39.167 [info] Added views:gitlens.views.home in workbench.view.extension.gitlens
2023-02-13 19:21:39.169 [info] Added views:gitlens.views.commits,gitlens.views.commitDetails,gitlens.views.fileHistory,gitlens.views.branches,gitlens.views.remotes,gitlens.views.stashes,gitlens.views.tags,gitlens.views.searchAndCompare in workbench.view.scm
2023-02-13 19:21:39.169 [info] Added views:cm_view in workbench.view.extension.color_manager_webview_container
2023-02-13 19:21:39.348 [info] Added views:workbench.debug.variablesView,workbench.debug.watchExpressionsView,workbench.debug.callStackView,workbench.debug.breakPointsView in workbench.view.debug
2023-02-13 19:21:39.370 [info] Added views:workbench.panel.repl.view in workbench.panel.repl
2023-02-13 19:21:39.372 [info] Removed views:workbench.debug.breakPointsView,workbench.debug.callStackView,workbench.debug.watchExpressionsView,workbench.debug.variablesView from workbench.view.debug
2023-02-13 19:21:39.372 [info] Added views:workbench.debug.welcome in workbench.view.debug
2023-02-13 19:21:39.723 [info] Added views:projectsExplorerGit in workbench.view.extension.project-manager
2023-02-13 19:21:39.770 [info] Added views:gitlens.views.timeline in workbench.view.extension.gitlensPanel
2023-02-13 19:21:39.771 [info] Added views:gitlens.views.worktrees in workbench.view.scm
2023-02-13 19:22:08.192 [info] Removed views:workbench.panel.repl.view from workbench.panel.repl
2023-02-13 19:22:08.296 [info] Added views:workbench.panel.repl.view in workbench.panel.repl
2023-02-13 19:22:08.777 [info] Removed views:gitlens.views.searchAndCompare,gitlens.views.worktrees,gitlens.views.tags,gitlens.views.stashes,gitlens.views.remotes,gitlens.views.branches,gitlens.views.fileHistory,gitlens.views.commitDetails,gitlens.views.commits from workbench.view.scm
2023-02-13 19:22:08.777 [info] Removed views:gitlens.views.timeline from workbench.view.extension.gitlensPanel
