2023-02-13 19:22:28.416 [info] Added views:workbench.panel.markers.view in workbench.panel.markers
2023-02-13 19:22:28.416 [info] Added views:workbench.panel.output in workbench.panel.output
2023-02-13 19:22:28.416 [info] Added views:terminal in terminal
2023-02-13 19:22:28.416 [info] Added views:outline in workbench.view.explorer
2023-02-13 19:22:28.416 [info] Added views:workbench.scm in workbench.view.scm
2023-02-13 19:22:28.416 [info] Added views:workbench.view.search in workbench.view.search
2023-02-13 19:22:28.416 [info] Added views:timeline in workbench.view.explorer
2023-02-13 19:22:28.416 [info] Added views:workbench.explorer.fileView in workbench.view.explorer
2023-02-13 19:22:28.599 [info] Added views:projectsExplorerFavorites,projectManagerHelpAndFeedback in workbench.view.extension.project-manager
2023-02-13 19:22:28.599 [info] Added views:gitlens.views.home in workbench.view.extension.gitlens
2023-02-13 19:22:28.600 [info] Added views:gitlens.views.commits,gitlens.views.commitDetails,gitlens.views.fileHistory,gitlens.views.branches,gitlens.views.remotes,gitlens.views.stashes,gitlens.views.tags,gitlens.views.searchAndCompare in workbench.view.scm
2023-02-13 19:22:28.600 [info] Added views:cm_view in workbench.view.extension.color_manager_webview_container
2023-02-13 19:22:28.804 [info] Added views:workbench.debug.welcome in workbench.view.debug
2023-02-13 19:22:28.898 [info] Added views:workbench.panel.repl.view in workbench.panel.repl
2023-02-13 19:22:29.321 [info] Added views:projectsExplorerGit in workbench.view.extension.project-manager
2023-02-13 19:22:29.326 [info] Removed views:gitlens.views.searchAndCompare,gitlens.views.tags,gitlens.views.stashes,gitlens.views.remotes,gitlens.views.branches,gitlens.views.fileHistory,gitlens.views.commitDetails,gitlens.views.commits from workbench.view.scm
2023-02-13 19:23:12.670 [info] Added views:workbench.panel.markers.view in workbench.panel.markers
2023-02-13 19:23:12.670 [info] Added views:workbench.panel.output in workbench.panel.output
2023-02-13 19:23:12.670 [info] Added views:terminal in terminal
2023-02-13 19:23:12.670 [info] Added views:outline in workbench.view.explorer
2023-02-13 19:23:12.670 [info] Added views:workbench.scm in workbench.view.scm
2023-02-13 19:23:12.670 [info] Added views:workbench.view.search in workbench.view.search
2023-02-13 19:23:12.670 [info] Added views:timeline in workbench.view.explorer
2023-02-13 19:23:12.670 [info] Added views:workbench.explorer.fileView in workbench.view.explorer
2023-02-13 19:23:12.886 [info] Added views:projectsExplorerFavorites,projectManagerHelpAndFeedback in workbench.view.extension.project-manager
2023-02-13 19:23:12.886 [info] Added views:gitlens.views.home in workbench.view.extension.gitlens
2023-02-13 19:23:12.887 [info] Added views:gitlens.views.commits,gitlens.views.commitDetails,gitlens.views.fileHistory,gitlens.views.branches,gitlens.views.remotes,gitlens.views.stashes,gitlens.views.tags,gitlens.views.searchAndCompare in workbench.view.scm
2023-02-13 19:23:12.887 [info] Added views:cm_view in workbench.view.extension.color_manager_webview_container
2023-02-13 19:23:12.952 [info] Added views:workbench.debug.welcome in workbench.view.debug
2023-02-13 19:23:13.135 [info] Added views:workbench.panel.repl.view in workbench.panel.repl
2023-02-13 19:23:13.460 [info] Added views:projectsExplorerGit in workbench.view.extension.project-manager
2023-02-13 19:23:13.525 [info] Added views:gitlens.views.timeline in workbench.view.extension.gitlensPanel
2023-02-13 19:23:13.526 [info] Added views:gitlens.views.worktrees in workbench.view.scm
2023-02-13 19:23:23.666 [info] Removed views:workbench.panel.repl.view from workbench.panel.repl
2023-02-13 19:23:23.782 [info] Added views:workbench.panel.repl.view in workbench.panel.repl
2023-02-13 19:26:58.344 [info] Added views:workbench.views.extensions.installed,workbench.views.extensions.popular,extensions.recommendedList in workbench.view.extensions
2023-02-13 19:26:58.347 [info] Removed views:workbench.views.extensions.popular from workbench.view.extensions
