2023-02-13 19:07:15.076 [info] update#setState idle
2023-02-13 19:07:16.355 [info] [UtilityProcess id: 1, type: extensionHost, pid: <none>]: creating new...
2023-02-13 19:07:16.362 [info] [UtilityProcess id: 1, type: extensionHost, pid: 54992]: successfully created
2023-02-13 19:07:18.765 [info] [UtilityProcess id: 2, type: extensionHost, pid: <none>]: creating new...
2023-02-13 19:07:18.772 [info] [UtilityProcess id: 2, type: extensionHost, pid: 55188]: successfully created
2023-02-13 19:07:19.404 [error] Blocked vscode-file request vscode-file://vscode-app/home/luiza/.vscode/extensions/eamodio.gitlens-13.2.0/dist/glicons.woff2
2023-02-13 19:07:19.405 [info] [UtilityProcess id: 2, type: extensionHost, pid: 55188]: received exit event with code 0
2023-02-13 19:07:19.406 [info] Extension host with pid 55188 exited with code: 0, signal: unknown.
2023-02-13 19:07:45.077 [info] update#setState checking for updates
2023-02-13 19:07:45.320 [info] update#setState idle
2023-02-13 19:19:59.634 [info] [UtilityProcess id: 1, type: extensionHost, pid: 54992]: received exit event with code 0
2023-02-13 19:19:59.634 [info] Extension host with pid 54992 exited with code: 0, signal: unknown.
2023-02-13 19:20:00.215 [info] [UtilityProcess id: 3, type: extensionHost, pid: <none>]: creating new...
2023-02-13 19:20:00.219 [info] [UtilityProcess id: 3, type: extensionHost, pid: 57053]: successfully created
2023-02-13 19:21:22.340 [info] [UtilityProcess id: 4, type: extensionHost, pid: <none>]: creating new...
2023-02-13 19:21:22.346 [info] [UtilityProcess id: 4, type: extensionHost, pid: 57834]: successfully created
2023-02-13 19:21:22.395 [info] [UtilityProcess id: 3, type: extensionHost, pid: 57053]: received exit event with code 0
2023-02-13 19:21:22.395 [info] Extension host with pid 57053 exited with code: 0, signal: unknown.
2023-02-13 19:21:38.308 [info] [UtilityProcess id: 4, type: extensionHost, pid: 57834]: received exit event with code 0
2023-02-13 19:21:38.308 [info] Extension host with pid 57834 exited with code: 0, signal: unknown.
2023-02-13 19:21:39.022 [info] [UtilityProcess id: 5, type: extensionHost, pid: <none>]: creating new...
2023-02-13 19:21:39.030 [info] [UtilityProcess id: 5, type: extensionHost, pid: 57984]: successfully created
2023-02-13 19:22:08.023 [info] [UtilityProcess id: 6, type: extensionHost, pid: <none>]: creating new...
2023-02-13 19:22:08.029 [info] [UtilityProcess id: 6, type: extensionHost, pid: 58293]: successfully created
2023-02-13 19:22:08.076 [info] [UtilityProcess id: 5, type: extensionHost, pid: 57984]: received exit event with code 0
2023-02-13 19:22:08.077 [info] Extension host with pid 57984 exited with code: 0, signal: unknown.
2023-02-13 19:22:20.849 [info] [UtilityProcess id: 6, type: extensionHost, pid: 58293]: waiting to exit...
2023-02-13 19:22:20.867 [info] [UtilityProcess id: 6, type: extensionHost, pid: 58293]: received exit event with code 0
2023-02-13 19:22:20.867 [info] Extension host with pid 58293 exited with code: 0, signal: unknown.
