2023-02-13 19:07:16.974 [info] Using settings sync service https://vscode-sync.trafficmanager.net/
2023-02-13 19:07:16.974 [info] Auto Sync is enabled.
2023-02-13 19:07:16.974 [info] Auto Sync: Suspended until auth token is available.
2023-02-13 19:07:17.183 [info] Deleting non existing profile from backup /home/luiza/.config/Code/User/sync/extensions
2023-02-13 19:07:17.188 [info] Deleting non existing profile from backup /home/luiza/.config/Code/User/sync/globalState
2023-02-13 19:07:17.220 [info] Deleting non existing profile from backup /home/luiza/.config/Code/User/sync/keybindings
2023-02-13 19:07:17.225 [info] Deleting non existing profile from backup /home/luiza/.config/Code/User/sync/profiles
2023-02-13 19:07:17.226 [info] Deleting non existing profile from backup /home/luiza/.config/Code/User/sync/settings
2023-02-13 19:07:17.227 [info] Deleting non existing profile from backup /home/luiza/.config/Code/User/sync/snippets
2023-02-13 19:07:17.229 [info] Deleting non existing profile from backup /home/luiza/.config/Code/User/sync/tasks
2023-02-13 19:07:20.844 [info] Auto Sync: Triggered by Interval
2023-02-13 19:07:20.845 [info] Sync started.
2023-02-13 19:07:21.682 [info] Settings: Last sync resource does not exist locally.
2023-02-13 19:07:22.434 [info] Settings: Updated remote settings
2023-02-13 19:07:22.505 [info] Settings: Updated last synchronized settings
2023-02-13 19:07:22.507 [info] Keybindings: Last sync resource does not exist locally.
2023-02-13 19:07:22.901 [info] Keybindings: No changes found during synchronizing keybindings.
2023-02-13 19:07:22.908 [info] Snippets: Last sync resource does not exist locally.
2023-02-13 19:07:23.319 [info] Snippets: No changes found during synchronizing snippets.
2023-02-13 19:07:23.325 [info] Tasks: Last sync resource does not exist locally.
2023-02-13 19:07:23.785 [info] Tasks: No changes found during synchronizing tasks.
2023-02-13 19:07:23.792 [info] GlobalState: Last sync resource does not exist locally.
2023-02-13 19:07:24.688 [info] GlobalState: Updated remote ui state. Updated: workbench.panel.pinnedPanels.
2023-02-13 19:07:24.751 [info] GlobalState: Updated last synchronized ui state
2023-02-13 19:07:24.759 [info] Extensions: Last sync resource does not exist locally.
2023-02-13 19:07:25.169 [info] Extensions: No changes found during synchronizing extensions.
2023-02-13 19:07:25.172 [info] Profiles: Last sync resource does not exist locally.
2023-02-13 19:07:25.633 [info] Profiles: No changes found during synchronizing profiles.
2023-02-13 19:07:25.636 [info] Sync done. Took 4793ms
2023-02-13 19:07:35.993 [info] Auto Sync: Triggered by Activity
2023-02-13 19:07:35.993 [info] Sync started.
2023-02-13 19:07:36.425 [info] Settings: No changes found during synchronizing settings.
2023-02-13 19:07:36.433 [info] Keybindings: No changes found during synchronizing keybindings.
2023-02-13 19:07:36.442 [info] Snippets: No changes found during synchronizing snippets.
2023-02-13 19:07:36.448 [info] Tasks: No changes found during synchronizing tasks.
2023-02-13 19:07:36.457 [info] GlobalState: No changes found during synchronizing ui state.
2023-02-13 19:07:36.525 [info] Extensions: No changes found during synchronizing extensions.
2023-02-13 19:07:36.527 [info] Profiles: No changes found during synchronizing profiles.
2023-02-13 19:07:36.530 [info] Sync done. Took 540ms
2023-02-13 19:08:49.422 [info] Auto Sync: Triggered by Activity
2023-02-13 19:08:49.423 [info] Sync started.
2023-02-13 19:08:49.846 [info] Settings: No changes found during synchronizing settings.
2023-02-13 19:08:49.856 [info] Keybindings: No changes found during synchronizing keybindings.
2023-02-13 19:08:49.862 [info] Snippets: No changes found during synchronizing snippets.
2023-02-13 19:08:49.865 [info] Tasks: No changes found during synchronizing tasks.
2023-02-13 19:08:49.872 [info] GlobalState: No changes found during synchronizing ui state.
2023-02-13 19:08:49.930 [info] Extensions: No changes found during synchronizing extensions.
2023-02-13 19:08:49.931 [info] Profiles: No changes found during synchronizing profiles.
2023-02-13 19:08:49.933 [info] Sync done. Took 513ms
2023-02-13 19:09:42.293 [info] Auto Sync: Triggered by Activity
2023-02-13 19:09:42.293 [info] Sync started.
2023-02-13 19:09:42.687 [info] Settings: No changes found during synchronizing settings.
2023-02-13 19:09:42.691 [info] Keybindings: No changes found during synchronizing keybindings.
2023-02-13 19:09:42.694 [info] Snippets: No changes found during synchronizing snippets.
2023-02-13 19:09:42.696 [info] Tasks: No changes found during synchronizing tasks.
2023-02-13 19:09:42.700 [info] GlobalState: No changes found during synchronizing ui state.
2023-02-13 19:09:42.758 [info] Extensions: No changes found during synchronizing extensions.
2023-02-13 19:09:42.761 [info] Profiles: No changes found during synchronizing profiles.
2023-02-13 19:09:42.762 [info] Sync done. Took 472ms
2023-02-13 19:10:12.747 [info] Auto Sync: Triggered by Activity
2023-02-13 19:10:12.748 [info] Sync started.
2023-02-13 19:10:13.309 [info] Settings: No changes found during synchronizing settings.
2023-02-13 19:10:13.314 [info] Keybindings: No changes found during synchronizing keybindings.
2023-02-13 19:10:13.318 [info] Snippets: No changes found during synchronizing snippets.
2023-02-13 19:10:13.320 [info] Tasks: No changes found during synchronizing tasks.
2023-02-13 19:10:13.323 [info] GlobalState: No changes found during synchronizing ui state.
2023-02-13 19:10:13.907 [info] Extensions: Updated remote extensions. Added: ["redjue.git-commit-plugin"].
2023-02-13 19:10:13.965 [info] Extensions: Updated last synchronized extensions.
2023-02-13 19:10:13.972 [info] Profiles: No changes found during synchronizing profiles.
2023-02-13 19:10:13.975 [info] Sync done. Took 1229ms
2023-02-13 19:11:28.759 [info] Auto Sync: Triggered by Activity
2023-02-13 19:11:28.760 [info] Sync started.
2023-02-13 19:11:29.190 [info] Settings: No changes found during synchronizing settings.
2023-02-13 19:11:29.192 [info] Keybindings: No changes found during synchronizing keybindings.
2023-02-13 19:11:29.195 [info] Snippets: No changes found during synchronizing snippets.
2023-02-13 19:11:29.198 [info] Tasks: No changes found during synchronizing tasks.
2023-02-13 19:11:29.204 [info] GlobalState: No changes found during synchronizing ui state.
2023-02-13 19:11:29.249 [info] Extensions: No changes found during synchronizing extensions.
2023-02-13 19:11:29.251 [info] Profiles: No changes found during synchronizing profiles.
2023-02-13 19:11:29.252 [info] Sync done. Took 495ms
2023-02-13 19:16:29.259 [info] Auto Sync: Triggered by Interval
2023-02-13 19:16:29.260 [info] Sync started.
2023-02-13 19:16:29.963 [info] Settings: No changes found during synchronizing settings.
2023-02-13 19:16:29.971 [info] Keybindings: No changes found during synchronizing keybindings.
2023-02-13 19:16:29.978 [info] Snippets: No changes found during synchronizing snippets.
2023-02-13 19:16:29.981 [info] Tasks: No changes found during synchronizing tasks.
2023-02-13 19:16:29.985 [info] GlobalState: No changes found during synchronizing ui state.
2023-02-13 19:16:30.037 [info] Extensions: No changes found during synchronizing extensions.
2023-02-13 19:16:30.039 [info] Profiles: No changes found during synchronizing profiles.
2023-02-13 19:16:30.040 [info] Sync done. Took 781ms
2023-02-13 19:19:09.748 [info] Auto Sync: Triggered by Activity
2023-02-13 19:19:09.749 [info] Sync started.
2023-02-13 19:19:10.435 [info] Settings: No changes found during synchronizing settings.
2023-02-13 19:19:10.444 [info] Keybindings: No changes found during synchronizing keybindings.
2023-02-13 19:19:10.451 [info] Snippets: No changes found during synchronizing snippets.
2023-02-13 19:19:10.457 [info] Tasks: No changes found during synchronizing tasks.
2023-02-13 19:19:10.464 [info] GlobalState: No changes found during synchronizing ui state.
2023-02-13 19:19:10.533 [info] Extensions: No changes found during synchronizing extensions.
2023-02-13 19:19:10.540 [info] Profiles: No changes found during synchronizing profiles.
2023-02-13 19:19:10.542 [info] Sync done. Took 796ms
2023-02-13 19:19:45.318 [info] Auto Sync: Triggered by Activity
2023-02-13 19:19:45.318 [info] Sync started.
2023-02-13 19:19:45.716 [info] Settings: No changes found during synchronizing settings.
2023-02-13 19:19:45.725 [info] Keybindings: No changes found during synchronizing keybindings.
2023-02-13 19:19:45.733 [info] Snippets: No changes found during synchronizing snippets.
2023-02-13 19:19:45.739 [info] Tasks: No changes found during synchronizing tasks.
2023-02-13 19:19:45.748 [info] GlobalState: No changes found during synchronizing ui state.
2023-02-13 19:19:45.810 [info] Extensions: No changes found during synchronizing extensions.
2023-02-13 19:19:45.817 [info] Profiles: No changes found during synchronizing profiles.
2023-02-13 19:19:45.818 [info] Sync done. Took 503ms
2023-02-13 19:19:51.366 [info] Auto Sync: Triggered by Activity
2023-02-13 19:19:51.367 [info] Sync started.
2023-02-13 19:19:51.631 [info] Settings: No changes found during synchronizing settings.
2023-02-13 19:19:51.640 [info] Keybindings: No changes found during synchronizing keybindings.
2023-02-13 19:19:51.647 [info] Snippets: No changes found during synchronizing snippets.
2023-02-13 19:19:51.651 [info] Tasks: No changes found during synchronizing tasks.
2023-02-13 19:19:51.658 [info] GlobalState: No changes found during synchronizing ui state.
2023-02-13 19:19:52.211 [info] Extensions: Updated remote extensions. Updated: ["redjue.git-commit-plugin"].
2023-02-13 19:19:52.268 [info] Extensions: Updated last synchronized extensions.
2023-02-13 19:19:52.275 [info] Profiles: No changes found during synchronizing profiles.
2023-02-13 19:19:52.279 [info] Sync done. Took 914ms
2023-02-13 19:20:04.502 [info] Auto Sync: Triggered by Activity
2023-02-13 19:20:04.502 [info] Sync started.
2023-02-13 19:20:04.844 [info] Settings: No changes found during synchronizing settings.
2023-02-13 19:20:04.852 [info] Keybindings: No changes found during synchronizing keybindings.
2023-02-13 19:20:04.860 [info] Snippets: No changes found during synchronizing snippets.
2023-02-13 19:20:04.864 [info] Tasks: No changes found during synchronizing tasks.
2023-02-13 19:20:05.455 [info] GlobalState: Updated remote ui state. Updated: workbench.panel.pinnedPanels,workbench.statusbar.hidden.
2023-02-13 19:20:05.512 [info] GlobalState: Updated last synchronized ui state
2023-02-13 19:20:05.582 [info] Extensions: No changes found during synchronizing extensions.
2023-02-13 19:20:05.584 [info] Profiles: No changes found during synchronizing profiles.
2023-02-13 19:20:05.585 [info] Sync done. Took 1085ms
2023-02-13 19:20:16.256 [info] Auto Sync: Triggered by Activity
2023-02-13 19:20:16.256 [info] Sync started.
2023-02-13 19:20:16.619 [info] Settings: No changes found during synchronizing settings.
2023-02-13 19:20:16.628 [info] Keybindings: No changes found during synchronizing keybindings.
2023-02-13 19:20:16.634 [info] Snippets: No changes found during synchronizing snippets.
2023-02-13 19:20:16.640 [info] Tasks: No changes found during synchronizing tasks.
2023-02-13 19:20:16.647 [info] GlobalState: No changes found during synchronizing ui state.
2023-02-13 19:20:16.698 [info] Extensions: No changes found during synchronizing extensions.
2023-02-13 19:20:16.699 [info] Profiles: No changes found during synchronizing profiles.
2023-02-13 19:20:16.700 [info] Sync done. Took 446ms
2023-02-13 19:20:33.776 [info] Auto Sync: Triggered by Activity
2023-02-13 19:20:33.776 [info] Sync started.
2023-02-13 19:20:34.124 [info] Settings: No changes found during synchronizing settings.
2023-02-13 19:20:34.127 [info] Keybindings: No changes found during synchronizing keybindings.
2023-02-13 19:20:34.131 [info] Snippets: No changes found during synchronizing snippets.
2023-02-13 19:20:34.134 [info] Tasks: No changes found during synchronizing tasks.
2023-02-13 19:20:34.137 [info] GlobalState: No changes found during synchronizing ui state.
2023-02-13 19:20:34.191 [info] Extensions: No changes found during synchronizing extensions.
2023-02-13 19:20:34.193 [info] Profiles: No changes found during synchronizing profiles.
2023-02-13 19:20:34.194 [info] Sync done. Took 421ms
2023-02-13 19:21:24.777 [info] Auto Sync: Triggered by Activity
2023-02-13 19:21:24.777 [info] Sync started.
2023-02-13 19:21:25.070 [info] Settings: No changes found during synchronizing settings.
2023-02-13 19:21:25.078 [info] Keybindings: No changes found during synchronizing keybindings.
2023-02-13 19:21:25.083 [info] Snippets: No changes found during synchronizing snippets.
2023-02-13 19:21:25.085 [info] Tasks: No changes found during synchronizing tasks.
2023-02-13 19:21:26.030 [info] GlobalState: Updated remote ui state. Updated: workbench.panel.pinnedPanels.
2023-02-13 19:21:26.096 [info] GlobalState: Updated last synchronized ui state
2023-02-13 19:21:26.157 [info] Extensions: No changes found during synchronizing extensions.
2023-02-13 19:21:26.159 [info] Profiles: No changes found during synchronizing profiles.
2023-02-13 19:21:26.161 [info] Sync done. Took 1385ms
2023-02-13 19:21:42.276 [info] Auto Sync: Triggered by Activity
2023-02-13 19:21:42.276 [info] Sync started.
2023-02-13 19:21:42.573 [info] Settings: No changes found during synchronizing settings.
2023-02-13 19:21:42.577 [info] Keybindings: No changes found during synchronizing keybindings.
2023-02-13 19:21:42.579 [info] Snippets: No changes found during synchronizing snippets.
2023-02-13 19:21:42.580 [info] Tasks: No changes found during synchronizing tasks.
2023-02-13 19:21:43.109 [info] GlobalState: Updated remote ui state. Updated: workbench.panel.pinnedPanels,workbench.statusbar.hidden.
2023-02-13 19:21:43.206 [info] GlobalState: Updated last synchronized ui state
2023-02-13 19:21:43.274 [info] Extensions: No changes found during synchronizing extensions.
2023-02-13 19:21:43.276 [info] Profiles: No changes found during synchronizing profiles.
2023-02-13 19:21:43.278 [info] Sync done. Took 1004ms
2023-02-13 19:21:56.859 [info] Auto Sync: Triggered by Activity
2023-02-13 19:21:56.859 [info] Sync started.
2023-02-13 19:21:57.284 [info] Settings: No changes found during synchronizing settings.
2023-02-13 19:21:57.288 [info] Keybindings: No changes found during synchronizing keybindings.
2023-02-13 19:21:57.290 [info] Snippets: No changes found during synchronizing snippets.
2023-02-13 19:21:57.293 [info] Tasks: No changes found during synchronizing tasks.
2023-02-13 19:21:57.296 [info] GlobalState: No changes found during synchronizing ui state.
2023-02-13 19:21:57.363 [info] Extensions: No changes found during synchronizing extensions.
2023-02-13 19:21:57.365 [info] Profiles: No changes found during synchronizing profiles.
2023-02-13 19:21:57.367 [info] Sync done. Took 509ms
2023-02-13 19:22:10.447 [info] Auto Sync: Triggered by Activity
2023-02-13 19:22:10.447 [info] Sync started.
2023-02-13 19:22:10.721 [info] Settings: No changes found during synchronizing settings.
2023-02-13 19:22:10.723 [info] Keybindings: No changes found during synchronizing keybindings.
2023-02-13 19:22:10.725 [info] Snippets: No changes found during synchronizing snippets.
2023-02-13 19:22:10.726 [info] Tasks: No changes found during synchronizing tasks.
2023-02-13 19:22:11.271 [info] GlobalState: Updated remote ui state. Updated: workbench.panel.pinnedPanels.
2023-02-13 19:22:11.336 [info] GlobalState: Updated last synchronized ui state
2023-02-13 19:22:11.396 [info] Extensions: No changes found during synchronizing extensions.
2023-02-13 19:22:11.400 [info] Profiles: No changes found during synchronizing profiles.
2023-02-13 19:22:11.402 [info] Sync done. Took 957ms
