2023-02-13 17:11:47.470 [info] update#setState idle
2023-02-13 17:11:48.340 [info] [UtilityProcess id: 1, type: extensionHost, pid: <none>]: creating new...
2023-02-13 17:11:48.346 [info] [UtilityProcess id: 1, type: extensionHost, pid: 26758]: successfully created
2023-02-13 17:12:17.373 [info] update#setState checking for updates
2023-02-13 17:12:17.644 [info] update#setState idle
2023-02-13 17:16:47.743 [info] [UtilityProcess id: 1, type: extensionHost, pid: 26758]: received exit event with code 0
2023-02-13 17:16:47.743 [info] Extension host with pid 26758 exited with code: 0, signal: unknown.
2023-02-13 17:16:48.228 [info] [UtilityProcess id: 2, type: extensionHost, pid: <none>]: creating new...
2023-02-13 17:16:48.236 [info] [UtilityProcess id: 2, type: extensionHost, pid: 28499]: successfully created
2023-02-13 17:24:14.028 [info] [UtilityProcess id: 3, type: extensionHost, pid: <none>]: creating new...
2023-02-13 17:24:14.085 [info] [UtilityProcess id: 3, type: extensionHost, pid: 30481]: successfully created
2023-02-13 17:24:14.101 [info] [UtilityProcess id: 2, type: extensionHost, pid: 28499]: received exit event with code 0
2023-02-13 17:24:14.101 [info] Extension host with pid 28499 exited with code: 0, signal: unknown.
2023-02-13 17:24:59.731 [info] [UtilityProcess id: 3, type: extensionHost, pid: 30481]: received exit event with code 0
2023-02-13 17:24:59.731 [info] Extension host with pid 30481 exited with code: 0, signal: unknown.
2023-02-13 17:25:00.435 [info] [UtilityProcess id: 4, type: extensionHost, pid: <none>]: creating new...
2023-02-13 17:25:00.441 [info] [UtilityProcess id: 4, type: extensionHost, pid: 30635]: successfully created
2023-02-13 17:25:09.729 [info] [UtilityProcess id: 4, type: extensionHost, pid: 30635]: received exit event with code 0
2023-02-13 17:25:09.729 [info] Extension host with pid 30635 exited with code: 0, signal: unknown.
2023-02-13 17:25:10.352 [info] [UtilityProcess id: 5, type: extensionHost, pid: <none>]: creating new...
2023-02-13 17:25:10.358 [info] [UtilityProcess id: 5, type: extensionHost, pid: 30718]: successfully created
2023-02-13 17:39:01.094 [info] [UtilityProcess id: 6, type: extensionHost, pid: <none>]: creating new...
2023-02-13 17:39:01.196 [info] [UtilityProcess id: 6, type: extensionHost, pid: 34744]: successfully created
2023-02-13 17:39:01.197 [info] [UtilityProcess id: 5, type: extensionHost, pid: 30718]: received exit event with code 0
2023-02-13 17:39:01.197 [info] Extension host with pid 30718 exited with code: 0, signal: unknown.
2023-02-13 17:39:04.786 [info] [UtilityProcess id: 6, type: extensionHost, pid: 34744]: received exit event with code 0
2023-02-13 17:39:04.786 [info] Extension host with pid 34744 exited with code: 0, signal: unknown.
2023-02-13 17:39:05.300 [info] [UtilityProcess id: 7, type: extensionHost, pid: <none>]: creating new...
2023-02-13 17:39:05.307 [info] [UtilityProcess id: 7, type: extensionHost, pid: 34861]: successfully created
2023-02-13 18:12:17.400 [info] update#setState checking for updates
2023-02-13 18:12:18.408 [info] update#setState idle
2023-02-13 19:06:56.278 [info] [UtilityProcess id: 7, type: extensionHost, pid: 34861]: waiting to exit...
2023-02-13 19:06:56.306 [info] [UtilityProcess id: 7, type: extensionHost, pid: 34861]: received exit event with code 0
2023-02-13 19:06:56.307 [info] Extension host with pid 34861 exited with code: 0, signal: unknown.
