2023-02-13 17:11:48.932 [info] Starting worker process with pid 26796 (type: fileWatcher, window: 1).
2023-02-13 17:12:11.785 [info] Getting Manifest... redstonewizard08.gitlab
2023-02-13 17:12:11.789 [info] Installing extension: redstonewizard08.gitlab
2023-02-13 17:12:13.170 [info] Extracted extension to /home/luiza/.vscode/extensions/.bfc76fc4-c25b-4b20-bd42-092fed8250b9: redstonewizard08.gitlab
2023-02-13 17:12:13.229 [info] Renamed to /home/luiza/.vscode/extensions/redstonewizard08.gitlab-0.2.0
2023-02-13 17:12:13.233 [info] Extracting completed. redstonewizard08.gitlab
2023-02-13 17:12:13.300 [info] Extension installed successfully: redstonewizard08.gitlab
2023-02-13 17:12:20.886 [info] Getting Manifest... gitlab.gitlab-workflow
2023-02-13 17:12:20.889 [info] Installing extension: gitlab.gitlab-workflow
2023-02-13 17:12:23.542 [warning] Extension signature verification: gitlab.gitlab-workflow. Verification status: UnknownError.
2023-02-13 17:12:23.605 [info] Extracted extension to /home/luiza/.vscode/extensions/.fc1d0361-9638-46b4-b5da-9cc2aef3308e: gitlab.gitlab-workflow
2023-02-13 17:12:23.716 [info] Renamed to /home/luiza/.vscode/extensions/gitlab.gitlab-workflow-3.59.2
2023-02-13 17:12:23.720 [info] Extracting completed. gitlab.gitlab-workflow
2023-02-13 17:12:23.786 [info] Extension installed successfully: gitlab.gitlab-workflow
2023-02-13 17:13:54.144 [info] Uninstalling extension from the profile: redstonewizard08.gitlab@0.2.0 vscode-userdata:/home/luiza/.vscode/extensions/extensions.json
2023-02-13 17:13:54.222 [info] Marked extension as uninstalled redstonewizard08.gitlab-0.2.0
2023-02-13 17:13:54.623 [info] Successfully uninstalled extension from the profile redstonewizard08.gitlab@0.2.0 vscode-userdata:/home/luiza/.vscode/extensions/extensions.json
2023-02-13 17:13:56.609 [info] Uninstalling extension from the profile: gitlab.gitlab-workflow@3.59.2 vscode-userdata:/home/luiza/.vscode/extensions/extensions.json
2023-02-13 17:13:56.684 [info] Marked extension as uninstalled gitlab.gitlab-workflow-3.59.2
2023-02-13 17:13:57.081 [info] Successfully uninstalled extension from the profile gitlab.gitlab-workflow@3.59.2 vscode-userdata:/home/luiza/.vscode/extensions/extensions.json
2023-02-13 17:14:03.659 [info] Getting Manifest... esbenp.prettier-vscode
2023-02-13 17:14:03.665 [info] Installing extension: esbenp.prettier-vscode
2023-02-13 17:14:06.056 [warning] Extension signature verification: esbenp.prettier-vscode. Verification status: UnknownError.
2023-02-13 17:14:06.125 [info] Extracted extension to /home/luiza/.vscode/extensions/.191a4f86-7c0c-47f6-88e9-a4a66bf5910a: esbenp.prettier-vscode
2023-02-13 17:14:06.182 [info] Renamed to /home/luiza/.vscode/extensions/esbenp.prettier-vscode-9.10.4
2023-02-13 17:14:06.188 [info] Extracting completed. esbenp.prettier-vscode
2023-02-13 17:14:06.253 [info] Extension installed successfully: esbenp.prettier-vscode
2023-02-13 17:14:48.283 [info] Getting Manifest... eamodio.gitlens
2023-02-13 17:14:48.296 [info] Installing extension: eamodio.gitlens
2023-02-13 17:14:51.054 [warning] Extension signature verification: eamodio.gitlens. Verification status: UnknownError.
2023-02-13 17:14:51.244 [info] Extracted extension to /home/luiza/.vscode/extensions/.c6ff1fad-6847-45ff-a635-0cf620a256a7: eamodio.gitlens
2023-02-13 17:14:51.314 [info] Renamed to /home/luiza/.vscode/extensions/eamodio.gitlens-13.2.0
2023-02-13 17:14:51.326 [info] Extracting completed. eamodio.gitlens
2023-02-13 17:14:51.398 [info] Extension installed successfully: eamodio.gitlens
2023-02-13 17:14:55.262 [info] Getting Manifest... mhutchie.git-graph
2023-02-13 17:14:55.267 [info] Installing extension: mhutchie.git-graph
2023-02-13 17:14:56.566 [info] Extracted extension to /home/luiza/.vscode/extensions/.5eb3a6ae-4182-4e60-8bb6-feec18643c29: mhutchie.git-graph
2023-02-13 17:14:56.617 [info] Renamed to /home/luiza/.vscode/extensions/mhutchie.git-graph-1.30.0
2023-02-13 17:14:56.621 [info] Extracting completed. mhutchie.git-graph
2023-02-13 17:14:56.688 [info] Extension installed successfully: mhutchie.git-graph
2023-02-13 17:14:59.042 [info] Getting Manifest... donjayamanne.git-extension-pack
2023-02-13 17:14:59.047 [info] Installing extension: donjayamanne.git-extension-pack
2023-02-13 17:14:59.481 [info] Getting Manifest... eamodio.gitlens
2023-02-13 17:14:59.492 [info] Getting Manifest... donjayamanne.githistory
2023-02-13 17:15:00.096 [info] Getting Manifest... alefragnani.project-manager
2023-02-13 17:15:00.788 [info] Getting Manifest... codezombiech.gitignore
2023-02-13 17:15:01.419 [info] Getting Manifest... ziyasal.vscode-open-in-github
2023-02-13 17:15:02.149 [info] Installing extension: donjayamanne.githistory donjayamanne.git-extension-pack
2023-02-13 17:15:02.149 [info] Installing extension: alefragnani.project-manager donjayamanne.git-extension-pack
2023-02-13 17:15:02.149 [info] Installing extension: codezombiech.gitignore donjayamanne.git-extension-pack
2023-02-13 17:15:02.149 [info] Installing extension: ziyasal.vscode-open-in-github donjayamanne.git-extension-pack
2023-02-13 17:15:03.703 [info] Extracted extension to /home/luiza/.vscode/extensions/.14c44206-6207-4863-9606-db8367f7c473: codezombiech.gitignore
2023-02-13 17:15:03.710 [info] Extracted extension to /home/luiza/.vscode/extensions/.58e3ed9a-ec9a-4ac8-947a-3cbb69a194d2: donjayamanne.githistory
2023-02-13 17:15:03.814 [info] Renamed to /home/luiza/.vscode/extensions/codezombiech.gitignore-0.9.0
2023-02-13 17:15:03.817 [info] Extracting completed. codezombiech.gitignore
2023-02-13 17:15:03.886 [info] Renamed to /home/luiza/.vscode/extensions/donjayamanne.githistory-0.6.19
2023-02-13 17:15:03.889 [info] Extracting completed. donjayamanne.githistory
2023-02-13 17:15:03.955 [info] Extracted extension to /home/luiza/.vscode/extensions/.2e6f2381-3eb7-45b9-b90d-4985ba341aa5: alefragnani.project-manager
2023-02-13 17:15:04.042 [info] Renamed to /home/luiza/.vscode/extensions/alefragnani.project-manager-12.7.0
2023-02-13 17:15:04.048 [info] Extracting completed. alefragnani.project-manager
2023-02-13 17:15:04.342 [warning] Extension signature verification: ziyasal.vscode-open-in-github. Verification status: UnknownError.
2023-02-13 17:15:04.387 [info] Extracted extension to /home/luiza/.vscode/extensions/.4b27be27-c529-4892-bcac-60459dfceba9: ziyasal.vscode-open-in-github
2023-02-13 17:15:04.450 [info] Renamed to /home/luiza/.vscode/extensions/ziyasal.vscode-open-in-github-1.3.6
2023-02-13 17:15:04.453 [info] Extracting completed. ziyasal.vscode-open-in-github
2023-02-13 17:15:05.713 [info] Getting Manifest... github.github-vscode-theme
2023-02-13 17:15:05.740 [info] Installing extension: github.github-vscode-theme
2023-02-13 17:15:06.405 [warning] Extension signature verification: donjayamanne.git-extension-pack. Verification status: UnknownError.
2023-02-13 17:15:06.414 [info] Extracted extension to /home/luiza/.vscode/extensions/.82ac21de-a921-439f-a579-7803dc357e45: donjayamanne.git-extension-pack
2023-02-13 17:15:06.467 [info] Renamed to /home/luiza/.vscode/extensions/donjayamanne.git-extension-pack-0.1.3
2023-02-13 17:15:06.470 [info] Extracting completed. donjayamanne.git-extension-pack
2023-02-13 17:15:06.541 [info] Extension installed successfully: codezombiech.gitignore
2023-02-13 17:15:06.541 [info] Extension installed successfully: donjayamanne.githistory
2023-02-13 17:15:06.541 [info] Extension installed successfully: alefragnani.project-manager
2023-02-13 17:15:06.542 [info] Extension installed successfully: ziyasal.vscode-open-in-github
2023-02-13 17:15:06.542 [info] Extension installed successfully: donjayamanne.git-extension-pack
2023-02-13 17:15:08.181 [warning] Extension signature verification: github.github-vscode-theme. Verification status: UnknownError.
2023-02-13 17:15:08.196 [info] Extracted extension to /home/luiza/.vscode/extensions/.30835823-9929-4eda-94f4-f893f6a10372: github.github-vscode-theme
2023-02-13 17:15:08.248 [info] Renamed to /home/luiza/.vscode/extensions/github.github-vscode-theme-6.3.3
2023-02-13 17:15:08.252 [info] Extracting completed. github.github-vscode-theme
2023-02-13 17:15:08.318 [info] Extension installed successfully: github.github-vscode-theme
2023-02-13 17:16:47.731 [info] Worker process with pid 26796 terminated normally (type: fileWatcher, window: 1).
2023-02-13 17:16:48.225 [info] Starting worker process with pid 28498 (type: fileWatcher, window: 1).
2023-02-13 17:24:59.711 [info] Worker process with pid 28498 terminated normally (type: fileWatcher, window: 1).
2023-02-13 17:25:00.422 [info] Starting worker process with pid 30632 (type: fileWatcher, window: 1).
2023-02-13 17:25:09.718 [info] Worker process with pid 30632 terminated normally (type: fileWatcher, window: 1).
2023-02-13 17:25:10.361 [info] Starting worker process with pid 30717 (type: fileWatcher, window: 1).
2023-02-13 17:39:04.764 [info] Worker process with pid 30717 terminated normally (type: fileWatcher, window: 1).
2023-02-13 17:39:05.691 [info] Starting worker process with pid 34877 (type: fileWatcher, window: 1).
2023-02-13 19:04:01.479 [info] Getting Manifest... anseki.vscode-color
2023-02-13 19:04:01.500 [info] Installing extension: anseki.vscode-color
2023-02-13 19:04:03.643 [warning] Extension signature verification: anseki.vscode-color. Verification status: UnknownError.
2023-02-13 19:04:03.688 [info] Extracted extension to /home/luiza/.vscode/extensions/.f3ceb1da-4c82-49b3-b4ca-14706166bd15: anseki.vscode-color
2023-02-13 19:04:03.739 [info] Renamed to /home/luiza/.vscode/extensions/anseki.vscode-color-0.4.5
2023-02-13 19:04:03.742 [info] Extracting completed. anseki.vscode-color
2023-02-13 19:04:03.810 [info] Extension installed successfully: anseki.vscode-color
2023-02-13 19:04:05.783 [info] Getting Manifest... circlecodesolution.ccs-flutter-color
2023-02-13 19:04:05.789 [info] Installing extension: circlecodesolution.ccs-flutter-color
2023-02-13 19:04:07.081 [info] Extracted extension to /home/luiza/.vscode/extensions/.c9edd7df-5b1c-413f-90c4-1ce8175bca46: circlecodesolution.ccs-flutter-color
2023-02-13 19:04:07.141 [info] Renamed to /home/luiza/.vscode/extensions/circlecodesolution.ccs-flutter-color-1.0.2
2023-02-13 19:04:07.143 [info] Extracting completed. circlecodesolution.ccs-flutter-color
2023-02-13 19:04:07.202 [info] Extension installed successfully: circlecodesolution.ccs-flutter-color
2023-02-13 19:05:20.549 [info] Getting Manifest... royaction.color-manager
2023-02-13 19:05:20.556 [info] Installing extension: royaction.color-manager
2023-02-13 19:05:22.106 [info] Extracted extension to /home/luiza/.vscode/extensions/.ac7b2864-11f8-4f42-aabd-dcb21136d4c2: royaction.color-manager
2023-02-13 19:05:22.168 [info] Renamed to /home/luiza/.vscode/extensions/royaction.color-manager-0.7.5
2023-02-13 19:05:22.171 [info] Extracting completed. royaction.color-manager
2023-02-13 19:05:22.237 [info] Extension installed successfully: royaction.color-manager
2023-02-13 19:06:22.326 [info] Getting Manifest... jzmstrjp.color-the-tag-name
2023-02-13 19:06:22.329 [info] Installing extension: jzmstrjp.color-the-tag-name
2023-02-13 19:06:23.791 [info] Extracted extension to /home/luiza/.vscode/extensions/.d448824f-7749-4677-95b2-ea082a1d802a: jzmstrjp.color-the-tag-name
2023-02-13 19:06:23.849 [info] Renamed to /home/luiza/.vscode/extensions/jzmstrjp.color-the-tag-name-0.19.8
2023-02-13 19:06:23.851 [info] Extracting completed. jzmstrjp.color-the-tag-name
2023-02-13 19:06:23.926 [info] Extension installed successfully: jzmstrjp.color-the-tag-name
