2023-02-13 19:22:29.369 [info] Log level: Info
2023-02-13 19:22:29.369 [info] Validating found git in: "git"
2023-02-13 19:22:29.369 [info] Using git "2.39.1" from "git"
2023-02-13 19:22:29.369 [info] > git rev-parse --show-toplevel [3ms]
2023-02-13 19:22:29.369 [info] fatal: not a git repository (or any parent up to mount point /)
Stopping at filesystem boundary (GIT_DISCOVERY_ACROSS_FILESYSTEM not set).
2023-02-13 19:23:13.505 [info] Log level: Info
2023-02-13 19:23:13.505 [info] Validating found git in: "git"
2023-02-13 19:23:13.505 [info] Using git "2.39.1" from "git"
2023-02-13 19:23:13.505 [info] > git rev-parse --show-toplevel [7ms]
2023-02-13 19:23:13.505 [info] > git rev-parse --git-dir --git-common-dir [52ms]
2023-02-13 19:23:13.505 [info] Open repository: /home/luiza/Lu-dots
2023-02-13 19:23:13.538 [info] > git rev-parse --show-toplevel [122ms]
2023-02-13 19:23:13.583 [info] > git rev-parse --show-toplevel [38ms]
2023-02-13 19:23:13.592 [info] > git config --get commit.template [79ms]
2023-02-13 19:23:13.620 [info] > git rev-parse --show-toplevel [29ms]
2023-02-13 19:23:13.663 [info] > git for-each-ref --format=%(refname)%00%(upstream:short)%00%(objectname)%00%(upstream:track)%00%(upstream:remotename)%00%(upstream:remoteref) refs/heads/main refs/remotes/main [28ms]
2023-02-13 19:23:13.680 [info] > git rev-parse --show-toplevel [52ms]
2023-02-13 19:23:13.722 [info] > git status -z -uall [50ms]
2023-02-13 19:23:13.722 [info] > git rev-parse --show-toplevel [35ms]
2023-02-13 19:23:13.723 [info] > git for-each-ref --sort -committerdate --format %(refname) %(objectname) %(*objectname) [43ms]
2023-02-13 19:23:13.783 [info] > git config --get commit.template [35ms]
2023-02-13 19:23:13.842 [info] > git for-each-ref --format=%(refname)%00%(upstream:short)%00%(objectname)%00%(upstream:track)%00%(upstream:remotename)%00%(upstream:remoteref) refs/heads/main refs/remotes/main [24ms]
2023-02-13 19:23:13.857 [info] > git status -z -uall [9ms]
2023-02-13 19:23:13.857 [info] > git for-each-ref --sort -committerdate --format %(refname) %(objectname) %(*objectname) [2ms]
2023-02-13 19:23:13.955 [info] > git show --textconv :hypr/keywords.conf [9ms]
2023-02-13 19:23:13.957 [info] > git ls-files --stage -- /home/luiza/Lu-dots/hypr/keywords.conf [2ms]
2023-02-13 19:23:13.965 [info] > git cat-file -s b01ff2d3623687c98d70900d8e21d446e32c07e9 [1ms]
2023-02-13 19:23:13.999 [info] > git fetch [590ms]
2023-02-13 19:23:14.018 [info] > git config --get commit.template [8ms]
2023-02-13 19:23:14.018 [info] > git for-each-ref --format=%(refname)%00%(upstream:short)%00%(objectname)%00%(upstream:track)%00%(upstream:remotename)%00%(upstream:remoteref) refs/heads/main refs/remotes/main [1ms]
2023-02-13 19:23:14.034 [info] > git status -z -uall [9ms]
2023-02-13 19:23:14.035 [info] > git for-each-ref --sort -committerdate --format %(refname) %(objectname) %(*objectname) [3ms]
2023-02-13 19:23:14.056 [info] > git check-ignore -v -z --stdin [1ms]
2023-02-13 19:23:15.094 [info] > git config --get commit.template [2ms]
2023-02-13 19:23:15.108 [info] > git for-each-ref --format=%(refname)%00%(upstream:short)%00%(objectname)%00%(upstream:track)%00%(upstream:remotename)%00%(upstream:remoteref) refs/heads/main refs/remotes/main [2ms]
2023-02-13 19:23:15.128 [info] > git status -z -uall [10ms]
2023-02-13 19:23:15.129 [info] > git for-each-ref --sort -committerdate --format %(refname) %(objectname) %(*objectname) [2ms]
2023-02-13 19:23:15.197 [info] > git ls-files --stage -- /home/luiza/Lu-dots/hypr/keywords.conf [2ms]
2023-02-13 19:23:15.209 [info] > git cat-file -s b01ff2d3623687c98d70900d8e21d446e32c07e9 [1ms]
2023-02-13 19:23:15.220 [info] > git show --textconv :hypr/keywords.conf [1ms]
2023-02-13 19:23:24.037 [info] Log level: Info
2023-02-13 19:23:24.037 [info] Validating found git in: "git"
2023-02-13 19:23:24.037 [info] Using git "2.39.1" from "git"
2023-02-13 19:23:24.041 [info] > git rev-parse --show-toplevel [23ms]
2023-02-13 19:23:24.128 [info] > git rev-parse --git-dir --git-common-dir [48ms]
2023-02-13 19:23:24.142 [info] Open repository: /home/luiza/Lu-dots
2023-02-13 19:23:24.256 [info] > git rev-parse --show-toplevel [106ms]
2023-02-13 19:23:24.293 [info] > git rev-parse --show-toplevel [29ms]
2023-02-13 19:23:24.301 [info] > git config --get commit.template [66ms]
2023-02-13 19:23:24.332 [info] > git rev-parse --show-toplevel [32ms]
2023-02-13 19:23:24.367 [info] > git for-each-ref --format=%(refname)%00%(upstream:short)%00%(objectname)%00%(upstream:track)%00%(upstream:remotename)%00%(upstream:remoteref) refs/heads/main refs/remotes/main [22ms]
2023-02-13 19:23:24.383 [info] > git rev-parse --show-toplevel [44ms]
2023-02-13 19:23:24.415 [info] > git status -z -uall [41ms]
2023-02-13 19:23:24.415 [info] > git rev-parse --show-toplevel [25ms]
2023-02-13 19:23:24.424 [info] > git for-each-ref --sort -committerdate --format %(refname) %(objectname) %(*objectname) [41ms]
2023-02-13 19:23:24.448 [info] > git ls-files --stage -- /home/luiza/Lu-dots/hypr/keywords.conf [24ms]
2023-02-13 19:23:24.470 [info] > git cat-file -s b01ff2d3623687c98d70900d8e21d446e32c07e9 [15ms]
2023-02-13 19:23:24.471 [info] > git config --get commit.template [25ms]
2023-02-13 19:23:24.491 [info] > git show --textconv :hypr/keywords.conf [11ms]
2023-02-13 19:23:24.533 [info] > git for-each-ref --format=%(refname)%00%(upstream:short)%00%(objectname)%00%(upstream:track)%00%(upstream:remotename)%00%(upstream:remoteref) refs/heads/main refs/remotes/main [25ms]
2023-02-13 19:23:24.556 [info] > git status -z -uall [15ms]
2023-02-13 19:23:24.556 [info] > git for-each-ref --sort -committerdate --format %(refname) %(objectname) %(*objectname) [8ms]
2023-02-13 19:23:24.567 [info] > git fetch [425ms]
2023-02-13 19:23:24.582 [info] > git config --get commit.template [7ms]
2023-02-13 19:23:24.582 [info] > git for-each-ref --format=%(refname)%00%(upstream:short)%00%(objectname)%00%(upstream:track)%00%(upstream:remotename)%00%(upstream:remoteref) refs/heads/main refs/remotes/main [1ms]
2023-02-13 19:23:24.598 [info] > git status -z -uall [9ms]
2023-02-13 19:23:24.598 [info] > git for-each-ref --sort -committerdate --format %(refname) %(objectname) %(*objectname) [1ms]
2023-02-13 19:23:24.784 [info] > git check-ignore -v -z --stdin [2ms]
2023-02-13 19:23:25.713 [info] > git config --get commit.template [2ms]
2023-02-13 19:23:25.733 [info] > git for-each-ref --format=%(refname)%00%(upstream:short)%00%(objectname)%00%(upstream:track)%00%(upstream:remotename)%00%(upstream:remoteref) refs/heads/main refs/remotes/main [6ms]
2023-02-13 19:23:25.749 [info] > git status -z -uall [9ms]
2023-02-13 19:23:25.749 [info] > git for-each-ref --sort -committerdate --format %(refname) %(objectname) %(*objectname) [1ms]
2023-02-13 19:23:25.811 [info] > git ls-files --stage -- /home/luiza/Lu-dots/hypr/keywords.conf [1ms]
2023-02-13 19:23:25.820 [info] > git cat-file -s b01ff2d3623687c98d70900d8e21d446e32c07e9 [0ms]
2023-02-13 19:23:25.829 [info] > git show --textconv :hypr/keywords.conf [1ms]
2023-02-13 19:23:48.669 [info] > git config --get commit.template [3ms]
2023-02-13 19:23:48.679 [info] > git for-each-ref --format=%(refname)%00%(upstream:short)%00%(objectname)%00%(upstream:track)%00%(upstream:remotename)%00%(upstream:remoteref) refs/heads/main refs/remotes/main [1ms]
2023-02-13 19:23:48.699 [info] > git status -z -uall [13ms]
2023-02-13 19:23:48.699 [info] > git for-each-ref --sort -committerdate --format %(refname) %(objectname) %(*objectname) [4ms]
2023-02-13 19:23:57.716 [info] > git config --get commit.template [2ms]
2023-02-13 19:23:57.728 [info] > git for-each-ref --format=%(refname)%00%(upstream:short)%00%(objectname)%00%(upstream:track)%00%(upstream:remotename)%00%(upstream:remoteref) refs/heads/main refs/remotes/main [2ms]
2023-02-13 19:23:57.760 [info] > git status -z -uall [20ms]
2023-02-13 19:23:57.760 [info] > git for-each-ref --sort -committerdate --format %(refname) %(objectname) %(*objectname) [9ms]
2023-02-13 19:23:58.057 [info] > git check-ignore -v -z --stdin [1ms]
2023-02-13 19:24:09.801 [info] > git config --get commit.template [2ms]
2023-02-13 19:24:09.815 [info] > git for-each-ref --format=%(refname)%00%(upstream:short)%00%(objectname)%00%(upstream:track)%00%(upstream:remotename)%00%(upstream:remoteref) refs/heads/main refs/remotes/main [2ms]
2023-02-13 19:24:09.842 [info] > git status -z -uall [17ms]
2023-02-13 19:24:09.842 [info] > git for-each-ref --sort -committerdate --format %(refname) %(objectname) %(*objectname) [9ms]
2023-02-13 19:24:33.488 [info] > git config --get commit.template [3ms]
2023-02-13 19:24:33.501 [info] > git for-each-ref --format=%(refname)%00%(upstream:short)%00%(objectname)%00%(upstream:track)%00%(upstream:remotename)%00%(upstream:remoteref) refs/heads/main refs/remotes/main [2ms]
2023-02-13 19:24:33.529 [info] > git status -z -uall [18ms]
2023-02-13 19:24:33.529 [info] > git for-each-ref --sort -committerdate --format %(refname) %(objectname) %(*objectname) [10ms]
2023-02-13 19:25:34.939 [info] > git config --get commit.template [8ms]
2023-02-13 19:25:34.940 [info] > git for-each-ref --format=%(refname)%00%(upstream:short)%00%(objectname)%00%(upstream:track)%00%(upstream:remotename)%00%(upstream:remoteref) refs/heads/main refs/remotes/main [2ms]
2023-02-13 19:25:34.960 [info] > git status -z -uall [10ms]
2023-02-13 19:25:34.961 [info] > git for-each-ref --sort -committerdate --format %(refname) %(objectname) %(*objectname) [2ms]
2023-02-13 19:25:39.980 [info] > git config --get commit.template [0ms]
2023-02-13 19:25:39.989 [info] > git for-each-ref --format=%(refname)%00%(upstream:short)%00%(objectname)%00%(upstream:track)%00%(upstream:remotename)%00%(upstream:remoteref) refs/heads/main refs/remotes/main [1ms]
2023-02-13 19:25:40.005 [info] > git status -z -uall [7ms]
2023-02-13 19:25:40.006 [info] > git for-each-ref --sort -committerdate --format %(refname) %(objectname) %(*objectname) [1ms]
2023-02-13 19:26:00.380 [info] > git config --get commit.template [2ms]
2023-02-13 19:26:00.417 [info] > git for-each-ref --format=%(refname)%00%(upstream:short)%00%(objectname)%00%(upstream:track)%00%(upstream:remotename)%00%(upstream:remoteref) refs/heads/main refs/remotes/main [26ms]
2023-02-13 19:26:00.432 [info] > git status -z -uall [8ms]
2023-02-13 19:26:00.434 [info] > git for-each-ref --sort -committerdate --format %(refname) %(objectname) %(*objectname) [3ms]
2023-02-13 19:26:15.307 [info] > git add -A -- . [2ms]
2023-02-13 19:26:15.986 [info] > git check-ignore -v -z --stdin [1ms]
2023-02-13 19:26:16.503 [info] > git ls-files --stage -- /home/luiza/Lu-dots/hypr/keywords.conf [2ms]
2023-02-13 19:26:16.514 [info] > git cat-file -s b685fa4aded7dd16481792f4b4233c02788c3955 [2ms]
2023-02-13 19:26:16.525 [info] > git show --textconv :hypr/keywords.conf [1ms]
2023-02-13 19:26:21.553 [info] > git ls-files --stage -- /home/luiza/Lu-dots/hypr/keywords.conf [1ms]
2023-02-13 19:26:21.562 [info] > git cat-file -s b685fa4aded7dd16481792f4b4233c02788c3955 [2ms]
2023-02-13 19:26:21.581 [info] > git show --textconv :hypr/keywords.conf [2ms]
2023-02-13 19:26:30.235 [info] > git ls-files --stage -- /home/luiza/Lu-dots/hypr/keywords.conf [2ms]
2023-02-13 19:26:30.249 [info] > git cat-file -s b685fa4aded7dd16481792f4b4233c02788c3955 [1ms]
2023-02-13 19:26:30.262 [info] > git show --textconv :hypr/keywords.conf [1ms]
2023-02-13 19:26:32.145 [info] > git ls-files --stage -- /home/luiza/Lu-dots/hypr/keywords.conf [2ms]
2023-02-13 19:26:32.158 [info] > git cat-file -s b685fa4aded7dd16481792f4b4233c02788c3955 [2ms]
2023-02-13 19:26:32.176 [info] > git show --textconv :hypr/keywords.conf [2ms]
2023-02-13 19:26:33.233 [info] > git -c user.useConfigOnly=true commit --quiet [17919ms]
2023-02-13 19:26:33.251 [info] > git config --get commit.template [8ms]
2023-02-13 19:26:33.252 [info] > git for-each-ref --format=%(refname)%00%(upstream:short)%00%(objectname)%00%(upstream:track)%00%(upstream:remotename)%00%(upstream:remoteref) refs/heads/main refs/remotes/main [1ms]
2023-02-13 19:26:33.267 [info] > git status -z -uall [8ms]
2023-02-13 19:26:33.267 [info] > git for-each-ref --sort -committerdate --format %(refname) %(objectname) %(*objectname) [1ms]
2023-02-13 19:26:33.291 [info] > git log --oneline --cherry main...main@{upstream} -- [1ms]
2023-02-13 19:26:33.775 [info] > git fetch [495ms]
2023-02-13 19:26:33.796 [info] > git config --get commit.template [10ms]
2023-02-13 19:26:33.797 [info] > git for-each-ref --format=%(refname)%00%(upstream:short)%00%(objectname)%00%(upstream:track)%00%(upstream:remotename)%00%(upstream:remoteref) refs/heads/main refs/remotes/main [2ms]
2023-02-13 19:26:33.813 [info] > git status -z -uall [8ms]
2023-02-13 19:26:33.814 [info] > git for-each-ref --sort -committerdate --format %(refname) %(objectname) %(*objectname) [2ms]
2023-02-13 19:26:33.818 [info] > git pull --tags origin main [520ms]
2023-02-13 19:26:33.818 [info] From https://github.com/Luiza1011/Lu-dots
 * branch            main       -> FETCH_HEAD
2023-02-13 19:26:35.075 [info] > git ls-files --stage -- /home/luiza/Lu-dots/hypr/keywords.conf [3ms]
2023-02-13 19:26:35.085 [info] > git cat-file -s b685fa4aded7dd16481792f4b4233c02788c3955 [1ms]
2023-02-13 19:26:35.096 [info] > git show --textconv :hypr/keywords.conf [1ms]
2023-02-13 19:26:35.227 [info] > git push origin main:main [1403ms]
2023-02-13 19:26:35.227 [info] To https://github.com/Luiza1011/Lu-dots.git
   71cec13..8dfc905  main -> main
2023-02-13 19:26:35.254 [info] > git config --get commit.template [13ms]
2023-02-13 19:26:35.255 [info] > git for-each-ref --format=%(refname)%00%(upstream:short)%00%(objectname)%00%(upstream:track)%00%(upstream:remotename)%00%(upstream:remoteref) refs/heads/main refs/remotes/main [1ms]
2023-02-13 19:26:35.280 [info] > git status -z -uall [17ms]
2023-02-13 19:26:35.280 [info] > git for-each-ref --sort -committerdate --format %(refname) %(objectname) %(*objectname) [9ms]
2023-02-13 19:26:35.303 [info] > git for-each-ref --format=%(refname)%00%(upstream:short)%00%(objectname)%00%(upstream:track)%00%(upstream:remotename)%00%(upstream:remoteref) refs/heads/main refs/remotes/main [2ms]
2023-02-13 19:26:35.303 [info] > git config --get commit.template [8ms]
2023-02-13 19:26:35.318 [info] > git status -z -uall [8ms]
2023-02-13 19:26:35.318 [info] > git for-each-ref --sort -committerdate --format %(refname) %(objectname) %(*objectname) [1ms]
2023-02-13 19:26:36.417 [info] > git config --get commit.template [2ms]
2023-02-13 19:26:36.430 [info] > git for-each-ref --format=%(refname)%00%(upstream:short)%00%(objectname)%00%(upstream:track)%00%(upstream:remotename)%00%(upstream:remoteref) refs/heads/main refs/remotes/main [2ms]
2023-02-13 19:26:36.447 [info] > git status -z -uall [8ms]
2023-02-13 19:26:36.448 [info] > git for-each-ref --sort -committerdate --format %(refname) %(objectname) %(*objectname) [1ms]
2023-02-13 19:26:36.518 [info] > git ls-files --stage -- /home/luiza/Lu-dots/hypr/keywords.conf [2ms]
2023-02-13 19:26:36.530 [info] > git cat-file -s b685fa4aded7dd16481792f4b4233c02788c3955 [2ms]
2023-02-13 19:26:36.543 [info] > git show --textconv :hypr/keywords.conf [2ms]
2023-02-13 19:27:47.577 [info] > git config --get commit.template [1ms]
2023-02-13 19:27:47.601 [info] > git for-each-ref --format=%(refname)%00%(upstream:short)%00%(objectname)%00%(upstream:track)%00%(upstream:remotename)%00%(upstream:remoteref) refs/heads/main refs/remotes/main [13ms]
2023-02-13 19:27:47.616 [info] > git status -z -uall [9ms]
2023-02-13 19:27:47.616 [info] > git for-each-ref --sort -committerdate --format %(refname) %(objectname) %(*objectname) [2ms]
2023-02-13 19:27:52.637 [info] > git config --get commit.template [2ms]
2023-02-13 19:27:52.650 [info] > git for-each-ref --format=%(refname)%00%(upstream:short)%00%(objectname)%00%(upstream:track)%00%(upstream:remotename)%00%(upstream:remoteref) refs/heads/main refs/remotes/main [2ms]
2023-02-13 19:27:52.668 [info] > git status -z -uall [8ms]
2023-02-13 19:27:52.668 [info] > git for-each-ref --sort -committerdate --format %(refname) %(objectname) %(*objectname) [1ms]
2023-02-13 19:27:59.364 [info] > git config --get commit.template [1ms]
2023-02-13 19:27:59.374 [info] > git for-each-ref --format=%(refname)%00%(upstream:short)%00%(objectname)%00%(upstream:track)%00%(upstream:remotename)%00%(upstream:remoteref) refs/heads/main refs/remotes/main [1ms]
2023-02-13 19:27:59.410 [info] > git status -z -uall [27ms]
2023-02-13 19:27:59.411 [info] > git for-each-ref --sort -committerdate --format %(refname) %(objectname) %(*objectname) [19ms]
2023-02-13 19:28:29.275 [info] > git config --get commit.template [14ms]
2023-02-13 19:28:29.276 [info] > git for-each-ref --format=%(refname)%00%(upstream:short)%00%(objectname)%00%(upstream:track)%00%(upstream:remotename)%00%(upstream:remoteref) refs/heads/main refs/remotes/main [2ms]
2023-02-13 19:28:29.302 [info] > git status -z -uall [17ms]
2023-02-13 19:28:29.302 [info] > git for-each-ref --sort -committerdate --format %(refname) %(objectname) %(*objectname) [8ms]
2023-02-13 19:28:36.854 [info] > git config --get commit.template [2ms]
2023-02-13 19:28:36.866 [info] > git for-each-ref --format=%(refname)%00%(upstream:short)%00%(objectname)%00%(upstream:track)%00%(upstream:remotename)%00%(upstream:remoteref) refs/heads/main refs/remotes/main [1ms]
2023-02-13 19:28:36.889 [info] > git status -z -uall [16ms]
2023-02-13 19:28:36.889 [info] > git for-each-ref --sort -committerdate --format %(refname) %(objectname) %(*objectname) [8ms]
2023-02-13 19:28:58.750 [info] > git config --get commit.template [2ms]
2023-02-13 19:28:58.764 [info] > git for-each-ref --format=%(refname)%00%(upstream:short)%00%(objectname)%00%(upstream:track)%00%(upstream:remotename)%00%(upstream:remoteref) refs/heads/main refs/remotes/main [3ms]
2023-02-13 19:28:58.784 [info] > git status -z -uall [10ms]
2023-02-13 19:28:58.785 [info] > git for-each-ref --sort -committerdate --format %(refname) %(objectname) %(*objectname) [2ms]
2023-02-13 19:29:03.731 [info] > git add -A -- . [1ms]
2023-02-13 19:29:04.929 [info] > git ls-files --stage -- /home/luiza/Lu-dots/hypr/keywords.conf [2ms]
2023-02-13 19:29:04.941 [info] > git cat-file -s b685fa4aded7dd16481792f4b4233c02788c3955 [2ms]
2023-02-13 19:29:04.953 [info] > git show --textconv :hypr/keywords.conf [1ms]
2023-02-13 19:29:56.348 [info] > git -c user.useConfigOnly=true commit --quiet [52610ms]
2023-02-13 19:29:56.348 [info] Aborting commit due to empty commit message.
2023-02-13 19:29:56.365 [info] > git config --get commit.template [8ms]
2023-02-13 19:29:56.365 [info] > git for-each-ref --format=%(refname)%00%(upstream:short)%00%(objectname)%00%(upstream:track)%00%(upstream:remotename)%00%(upstream:remoteref) refs/heads/main refs/remotes/main [1ms]
2023-02-13 19:29:56.395 [info] > git status -z -uall [22ms]
2023-02-13 19:29:56.395 [info] > git for-each-ref --sort -committerdate --format %(refname) %(objectname) %(*objectname) [13ms]
2023-02-13 19:29:56.417 [info] > git config --get commit.template [3ms]
2023-02-13 19:29:56.425 [info] > git for-each-ref --format=%(refname)%00%(upstream:short)%00%(objectname)%00%(upstream:track)%00%(upstream:remotename)%00%(upstream:remoteref) refs/heads/main refs/remotes/main [1ms]
2023-02-13 19:29:56.445 [info] > git status -z -uall [11ms]
2023-02-13 19:29:56.449 [info] > git for-each-ref --sort -committerdate --format %(refname) %(objectname) %(*objectname) [4ms]
2023-02-13 19:29:56.871 [info] > git fetch [466ms]
2023-02-13 19:29:56.884 [info] > git config --get commit.template [2ms]
2023-02-13 19:29:56.892 [info] > git for-each-ref --format=%(refname)%00%(upstream:short)%00%(objectname)%00%(upstream:track)%00%(upstream:remotename)%00%(upstream:remoteref) refs/heads/main refs/remotes/main [1ms]
2023-02-13 19:29:56.907 [info] > git status -z -uall [9ms]
2023-02-13 19:29:56.907 [info] > git for-each-ref --sort -committerdate --format %(refname) %(objectname) %(*objectname) [1ms]
2023-02-13 19:29:58.111 [info] > git ls-files --stage -- /home/luiza/Lu-dots/hypr/keywords.conf [2ms]
2023-02-13 19:29:58.124 [info] > git cat-file -s b685fa4aded7dd16481792f4b4233c02788c3955 [2ms]
2023-02-13 19:29:58.150 [info] > git show --textconv :hypr/keywords.conf [1ms]
2023-02-13 19:30:01.465 [info] > git config --get commit.template [1ms]
2023-02-13 19:30:01.478 [info] > git for-each-ref --format=%(refname)%00%(upstream:short)%00%(objectname)%00%(upstream:track)%00%(upstream:remotename)%00%(upstream:remoteref) refs/heads/main refs/remotes/main [2ms]
2023-02-13 19:30:01.495 [info] > git status -z -uall [9ms]
2023-02-13 19:30:01.496 [info] > git for-each-ref --sort -committerdate --format %(refname) %(objectname) %(*objectname) [1ms]
2023-02-13 19:30:17.925 [info] > git branch [0ms]
2023-02-13 19:30:17.936 [info] > git reset -q HEAD -- . [2ms]
2023-02-13 19:30:17.948 [info] > git config --get commit.template [1ms]
2023-02-13 19:30:17.956 [info] > git for-each-ref --format=%(refname)%00%(upstream:short)%00%(objectname)%00%(upstream:track)%00%(upstream:remotename)%00%(upstream:remoteref) refs/heads/main refs/remotes/main [1ms]
2023-02-13 19:30:17.971 [info] > git status -z -uall [8ms]
2023-02-13 19:30:17.971 [info] > git for-each-ref --sort -committerdate --format %(refname) %(objectname) %(*objectname) [1ms]
2023-02-13 19:30:19.031 [info] > git config --get commit.template [2ms]
2023-02-13 19:30:19.045 [info] > git for-each-ref --format=%(refname)%00%(upstream:short)%00%(objectname)%00%(upstream:track)%00%(upstream:remotename)%00%(upstream:remoteref) refs/heads/main refs/remotes/main [2ms]
2023-02-13 19:30:19.062 [info] > git status -z -uall [8ms]
2023-02-13 19:30:19.063 [info] > git for-each-ref --sort -committerdate --format %(refname) %(objectname) %(*objectname) [1ms]
2023-02-13 19:30:19.132 [info] > git ls-files --stage -- /home/luiza/Lu-dots/hypr/keywords.conf [2ms]
2023-02-13 19:30:19.145 [info] > git cat-file -s b685fa4aded7dd16481792f4b4233c02788c3955 [1ms]
2023-02-13 19:30:19.157 [info] > git show --textconv :hypr/keywords.conf [1ms]
2023-02-13 19:30:24.324 [info] > git add -A -- . [1ms]
2023-02-13 19:30:24.335 [info] > git -c user.useConfigOnly=true commit --quiet --allow-empty-message --file - [3ms]
2023-02-13 19:30:24.344 [info] > git config --get commit.template [1ms]
2023-02-13 19:30:24.354 [info] > git config --get commit.template [2ms]
2023-02-13 19:30:24.363 [info] > git for-each-ref --format=%(refname)%00%(upstream:short)%00%(objectname)%00%(upstream:track)%00%(upstream:remotename)%00%(upstream:remoteref) refs/heads/main refs/remotes/main [1ms]
2023-02-13 19:30:24.377 [info] > git status -z -uall [8ms]
2023-02-13 19:30:24.378 [info] > git for-each-ref --sort -committerdate --format %(refname) %(objectname) %(*objectname) [1ms]
2023-02-13 19:30:24.396 [info] > git log --oneline --cherry main...main@{upstream} -- [3ms]
2023-02-13 19:30:24.984 [info] > git pull --tags origin main [579ms]
2023-02-13 19:30:24.984 [info] From https://github.com/Luiza1011/Lu-dots
 * branch            main       -> FETCH_HEAD
2023-02-13 19:30:26.168 [info] > git ls-files --stage -- /home/luiza/Lu-dots/hypr/keywords.conf [1ms]
2023-02-13 19:30:26.177 [info] > git cat-file -s b685fa4aded7dd16481792f4b4233c02788c3955 [2ms]
2023-02-13 19:30:26.188 [info] > git show --textconv :hypr/keywords.conf [2ms]
2023-02-13 19:30:26.323 [info] > git push origin main:main [1327ms]
2023-02-13 19:30:26.323 [info] To https://github.com/Luiza1011/Lu-dots.git
   8dfc905..e2e5a0d  main -> main
2023-02-13 19:30:26.337 [info] > git config --get commit.template [6ms]
2023-02-13 19:30:26.338 [info] > git for-each-ref --format=%(refname)%00%(upstream:short)%00%(objectname)%00%(upstream:track)%00%(upstream:remotename)%00%(upstream:remoteref) refs/heads/main refs/remotes/main [1ms]
2023-02-13 19:30:26.351 [info] > git status -z -uall [7ms]
2023-02-13 19:30:26.351 [info] > git for-each-ref --sort -committerdate --format %(refname) %(objectname) %(*objectname) [1ms]
2023-02-13 19:30:26.384 [info] > git for-each-ref --format=%(refname)%00%(upstream:short)%00%(objectname)%00%(upstream:track)%00%(upstream:remotename)%00%(upstream:remoteref) refs/heads/main refs/remotes/main [2ms]
2023-02-13 19:30:26.384 [info] > git config --get commit.template [9ms]
2023-02-13 19:30:26.398 [info] > git status -z -uall [8ms]
2023-02-13 19:30:26.398 [info] > git for-each-ref --sort -committerdate --format %(refname) %(objectname) %(*objectname) [1ms]
2023-02-13 19:30:27.495 [info] > git config --get commit.template [0ms]
2023-02-13 19:30:27.505 [info] > git for-each-ref --format=%(refname)%00%(upstream:short)%00%(objectname)%00%(upstream:track)%00%(upstream:remotename)%00%(upstream:remoteref) refs/heads/main refs/remotes/main [2ms]
2023-02-13 19:30:27.524 [info] > git status -z -uall [11ms]
2023-02-13 19:30:27.524 [info] > git for-each-ref --sort -committerdate --format %(refname) %(objectname) %(*objectname) [1ms]
2023-02-13 19:30:27.598 [info] > git ls-files --stage -- /home/luiza/Lu-dots/hypr/keywords.conf [2ms]
2023-02-13 19:30:27.608 [info] > git cat-file -s b685fa4aded7dd16481792f4b4233c02788c3955 [1ms]
2023-02-13 19:30:27.619 [info] > git show --textconv :hypr/keywords.conf [1ms]
2023-02-13 19:30:33.204 [info] > git config --get commit.template [2ms]
2023-02-13 19:30:33.216 [info] > git for-each-ref --format=%(refname)%00%(upstream:short)%00%(objectname)%00%(upstream:track)%00%(upstream:remotename)%00%(upstream:remoteref) refs/heads/main refs/remotes/main [2ms]
2023-02-13 19:30:33.233 [info] > git status -z -uall [8ms]
2023-02-13 19:30:33.234 [info] > git for-each-ref --sort -committerdate --format %(refname) %(objectname) %(*objectname) [1ms]
2023-02-13 19:31:00.543 [info] > git config --get commit.template [1ms]
2023-02-13 19:31:00.551 [info] > git for-each-ref --format=%(refname)%00%(upstream:short)%00%(objectname)%00%(upstream:track)%00%(upstream:remotename)%00%(upstream:remoteref) refs/heads/main refs/remotes/main [1ms]
2023-02-13 19:31:00.570 [info] > git status -z -uall [10ms]
2023-02-13 19:31:00.570 [info] > git for-each-ref --sort -committerdate --format %(refname) %(objectname) %(*objectname) [2ms]
