2023-02-13 19:36:07.272 [info] Log level: Info
2023-02-13 19:36:07.272 [info] Validating found git in: "git"
2023-02-13 19:36:07.272 [info] Using git "2.39.1" from "git"
2023-02-13 19:36:07.276 [info] > git rev-parse --show-toplevel [9ms]
2023-02-13 19:36:07.505 [info] > git rev-parse --git-dir --git-common-dir [214ms]
2023-02-13 19:36:07.516 [info] Open repository: /home/luiza/Lu-dots
2023-02-13 19:36:07.771 [info] > git rev-parse --show-toplevel [250ms]
2023-02-13 19:36:07.812 [info] > git rev-parse --show-toplevel [36ms]
2023-02-13 19:36:07.819 [info] > git config --get commit.template [63ms]
2023-02-13 19:36:07.837 [info] > git rev-parse --show-toplevel [19ms]
2023-02-13 19:36:07.850 [info] > git rev-parse --show-toplevel [8ms]
2023-02-13 19:36:08.097 [info] > git rev-parse --show-toplevel [243ms]
2023-02-13 19:36:08.108 [info] > git for-each-ref --format=%(refname)%00%(upstream:short)%00%(objectname)%00%(upstream:track)%00%(upstream:remotename)%00%(upstream:remoteref) refs/heads/main refs/remotes/main [260ms]
2023-02-13 19:36:08.138 [info] > git show --textconv :hypr/keywords.conf [35ms]
2023-02-13 19:36:08.138 [info] > git status -z -uall [24ms]
2023-02-13 19:36:08.138 [info] > git for-each-ref --sort -committerdate --format %(refname) %(objectname) %(*objectname) [18ms]
2023-02-13 19:36:08.143 [info] > git ls-files --stage -- /home/luiza/Lu-dots/hypr/keywords.conf [35ms]
2023-02-13 19:36:08.168 [info] > git cat-file -s b685fa4aded7dd16481792f4b4233c02788c3955 [20ms]
2023-02-13 19:36:08.182 [info] > git config --get commit.template [14ms]
2023-02-13 19:36:08.207 [info] > git for-each-ref --format=%(refname)%00%(upstream:short)%00%(objectname)%00%(upstream:track)%00%(upstream:remotename)%00%(upstream:remoteref) refs/heads/main refs/remotes/main [12ms]
2023-02-13 19:36:08.220 [info] > git status -z -uall [8ms]
2023-02-13 19:36:08.220 [info] > git for-each-ref --sort -committerdate --format %(refname) %(objectname) %(*objectname) [2ms]
2023-02-13 19:36:08.289 [info] > git check-ignore -v -z --stdin [1ms]
2023-02-13 19:36:08.293 [info] > git fetch [778ms]
2023-02-13 19:36:08.301 [info] > git config --get commit.template [1ms]
2023-02-13 19:36:08.305 [info] > git for-each-ref --format=%(refname)%00%(upstream:short)%00%(objectname)%00%(upstream:track)%00%(upstream:remotename)%00%(upstream:remoteref) refs/heads/main refs/remotes/main [0ms]
2023-02-13 19:36:08.315 [info] > git status -z -uall [6ms]
2023-02-13 19:36:08.316 [info] > git for-each-ref --sort -committerdate --format %(refname) %(objectname) %(*objectname) [1ms]
2023-02-13 19:36:12.886 [info] > git config --get commit.template [2ms]
2023-02-13 19:36:12.894 [info] > git ls-files --stage -- /home/luiza/Lu-dots/hypr/keywords.conf [1ms]
2023-02-13 19:36:12.905 [info] > git cat-file -s b685fa4aded7dd16481792f4b4233c02788c3955 [6ms]
2023-02-13 19:36:12.936 [info] > git for-each-ref --format=%(refname)%00%(upstream:short)%00%(objectname)%00%(upstream:track)%00%(upstream:remotename)%00%(upstream:remoteref) refs/heads/main refs/remotes/main [32ms]
2023-02-13 19:36:12.957 [info] > git status -z -uall [17ms]
2023-02-13 19:36:12.957 [info] > git show --textconv :hypr/keywords.conf [6ms]
2023-02-13 19:36:12.958 [info] > git for-each-ref --sort -committerdate --format %(refname) %(objectname) %(*objectname) [12ms]
2023-02-13 19:36:32.766 [info] > git config --get commit.template [1ms]
2023-02-13 19:36:32.776 [info] > git for-each-ref --format=%(refname)%00%(upstream:short)%00%(objectname)%00%(upstream:track)%00%(upstream:remotename)%00%(upstream:remoteref) refs/heads/main refs/remotes/main [2ms]
2023-02-13 19:36:32.797 [info] > git status -z -uall [13ms]
2023-02-13 19:36:32.797 [info] > git for-each-ref --sort -committerdate --format %(refname) %(objectname) %(*objectname) [8ms]
2023-02-13 19:36:50.062 [info] > git show --textconv :hypr/input.conf [11ms]
2023-02-13 19:36:50.063 [info] > git ls-files --stage -- /home/luiza/Lu-dots/hypr/input.conf [3ms]
2023-02-13 19:36:50.070 [info] > git cat-file -s 079c3bf40687e53cab3c456cfa747f9ef3680dfa [1ms]
2023-02-13 19:36:50.192 [info] > git config --get commit.template [1ms]
2023-02-13 19:36:50.204 [info] > git for-each-ref --format=%(refname)%00%(upstream:short)%00%(objectname)%00%(upstream:track)%00%(upstream:remotename)%00%(upstream:remoteref) refs/heads/main refs/remotes/main [2ms]
2023-02-13 19:36:50.220 [info] > git status -z -uall [8ms]
2023-02-13 19:36:50.221 [info] > git for-each-ref --sort -committerdate --format %(refname) %(objectname) %(*objectname) [2ms]
2023-02-13 19:36:50.569 [info] > git ls-files --stage -- /home/luiza/Lu-dots/hypr/hyprland.conf [8ms]
2023-02-13 19:36:50.610 [info] > git show --textconv :hypr/hyprland.conf [59ms]
2023-02-13 19:36:50.610 [info] > git cat-file -s c3109ec44bcf9f882440938ec21943d58ad69f63 [35ms]
2023-02-13 19:36:56.614 [info] > git show --textconv :hypr/binds.conf [18ms]
2023-02-13 19:36:56.615 [info] > git ls-files --stage -- /home/luiza/Lu-dots/hypr/binds.conf [2ms]
2023-02-13 19:36:56.638 [info] > git cat-file -s 6d386813fb31518cc4166b74a3020c7cdd93731e [15ms]
2023-02-13 19:37:08.815 [info] > git config --get commit.template [2ms]
2023-02-13 19:37:08.823 [info] > git for-each-ref --format=%(refname)%00%(upstream:short)%00%(objectname)%00%(upstream:track)%00%(upstream:remotename)%00%(upstream:remoteref) refs/heads/main refs/remotes/main [2ms]
2023-02-13 19:37:08.837 [info] > git status -z -uall [7ms]
2023-02-13 19:37:08.838 [info] > git for-each-ref --sort -committerdate --format %(refname) %(objectname) %(*objectname) [1ms]
2023-02-13 19:39:08.848 [info] > git fetch [519ms]
2023-02-13 19:39:08.863 [info] > git config --get commit.template [1ms]
2023-02-13 19:39:08.872 [info] > git for-each-ref --format=%(refname)%00%(upstream:short)%00%(objectname)%00%(upstream:track)%00%(upstream:remotename)%00%(upstream:remoteref) refs/heads/main refs/remotes/main [1ms]
2023-02-13 19:39:08.884 [info] > git status -z -uall [6ms]
2023-02-13 19:39:08.884 [info] > git for-each-ref --sort -committerdate --format %(refname) %(objectname) %(*objectname) [1ms]
2023-02-13 19:39:09.930 [info] > git config --get commit.template [1ms]
2023-02-13 19:39:09.942 [info] > git for-each-ref --format=%(refname)%00%(upstream:short)%00%(objectname)%00%(upstream:track)%00%(upstream:remotename)%00%(upstream:remoteref) refs/heads/main refs/remotes/main [2ms]
2023-02-13 19:39:09.957 [info] > git status -z -uall [6ms]
2023-02-13 19:39:09.959 [info] > git for-each-ref --sort -committerdate --format %(refname) %(objectname) %(*objectname) [2ms]
2023-02-13 19:39:10.065 [info] > git ls-files --stage -- /home/luiza/Lu-dots/hypr/binds.conf [2ms]
2023-02-13 19:39:10.071 [info] > git ls-files --stage -- /home/luiza/Lu-dots/hypr/hyprland.conf [14ms]
2023-02-13 19:39:10.075 [info] > git ls-files --stage -- /home/luiza/Lu-dots/hypr/input.conf [27ms]
2023-02-13 19:39:10.079 [info] > git ls-files --stage -- /home/luiza/Lu-dots/hypr/keywords.conf [42ms]
2023-02-13 19:39:10.084 [info] > git cat-file -s b685fa4aded7dd16481792f4b4233c02788c3955 [1ms]
2023-02-13 19:39:10.085 [info] > git cat-file -s 079c3bf40687e53cab3c456cfa747f9ef3680dfa [6ms]
2023-02-13 19:39:10.085 [info] > git cat-file -s c3109ec44bcf9f882440938ec21943d58ad69f63 [10ms]
2023-02-13 19:39:10.086 [info] > git cat-file -s 6d386813fb31518cc4166b74a3020c7cdd93731e [16ms]
2023-02-13 19:39:10.096 [info] > git show --textconv :hypr/keywords.conf [5ms]
2023-02-13 19:39:10.109 [info] > git show --textconv :hypr/input.conf [13ms]
2023-02-13 19:39:10.109 [info] > git show --textconv :hypr/hyprland.conf [7ms]
2023-02-13 19:39:10.109 [info] > git show --textconv :hypr/binds.conf [1ms]
2023-02-13 19:39:19.945 [info] > git config --get commit.template [0ms]
2023-02-13 19:39:19.957 [info] > git for-each-ref --format=%(refname)%00%(upstream:short)%00%(objectname)%00%(upstream:track)%00%(upstream:remotename)%00%(upstream:remoteref) refs/heads/main refs/remotes/main [1ms]
2023-02-13 19:39:19.969 [info] > git status -z -uall [8ms]
2023-02-13 19:39:19.970 [info] > git for-each-ref --sort -committerdate --format %(refname) %(objectname) %(*objectname) [2ms]
2023-02-13 19:39:30.523 [info] > git config --get commit.template [2ms]
2023-02-13 19:39:30.534 [info] > git for-each-ref --format=%(refname)%00%(upstream:short)%00%(objectname)%00%(upstream:track)%00%(upstream:remotename)%00%(upstream:remoteref) refs/heads/main refs/remotes/main [1ms]
2023-02-13 19:39:30.551 [info] > git status -z -uall [10ms]
2023-02-13 19:39:30.551 [info] > git for-each-ref --sort -committerdate --format %(refname) %(objectname) %(*objectname) [3ms]
2023-02-13 19:39:41.905 [info] > git config --get commit.template [2ms]
2023-02-13 19:39:41.916 [info] > git for-each-ref --format=%(refname)%00%(upstream:short)%00%(objectname)%00%(upstream:track)%00%(upstream:remotename)%00%(upstream:remoteref) refs/heads/main refs/remotes/main [2ms]
2023-02-13 19:39:41.937 [info] > git status -z -uall [13ms]
2023-02-13 19:39:41.937 [info] > git for-each-ref --sort -committerdate --format %(refname) %(objectname) %(*objectname) [7ms]
2023-02-13 19:39:52.702 [info] > git config --get commit.template [1ms]
2023-02-13 19:39:52.714 [info] > git for-each-ref --format=%(refname)%00%(upstream:short)%00%(objectname)%00%(upstream:track)%00%(upstream:remotename)%00%(upstream:remoteref) refs/heads/main refs/remotes/main [1ms]
2023-02-13 19:39:52.730 [info] > git status -z -uall [8ms]
2023-02-13 19:39:52.731 [info] > git for-each-ref --sort -committerdate --format %(refname) %(objectname) %(*objectname) [2ms]
2023-02-13 19:40:01.298 [info] > git config --get commit.template [1ms]
2023-02-13 19:40:01.304 [info] > git for-each-ref --format=%(refname)%00%(upstream:short)%00%(objectname)%00%(upstream:track)%00%(upstream:remotename)%00%(upstream:remoteref) refs/heads/main refs/remotes/main [1ms]
2023-02-13 19:40:01.328 [info] > git status -z -uall [18ms]
2023-02-13 19:40:01.329 [info] > git for-each-ref --sort -committerdate --format %(refname) %(objectname) %(*objectname) [13ms]
2023-02-13 19:40:01.661 [info] > git show --textconv :hypr/window_config.conf [10ms]
2023-02-13 19:40:01.662 [info] > git ls-files --stage -- /home/luiza/Lu-dots/hypr/window_config.conf [3ms]
2023-02-13 19:40:01.670 [info] > git cat-file -s 0951f79419c5a88139c0914874c5efba2258d40b [1ms]
2023-02-13 19:40:03.460 [info] > git ls-files --stage -- /home/luiza/Lu-dots/hypr/window_binds.conf [1ms]
2023-02-13 19:40:03.511 [info] > git cat-file -s a0490890de1821b43e06073e83e774635e59b313 [42ms]
2023-02-13 19:40:03.512 [info] > git show --textconv :hypr/window_binds.conf [66ms]
2023-02-13 19:40:17.759 [info] > git show --textconv :hypr/autostart.conf [15ms]
2023-02-13 19:40:17.761 [info] > git ls-files --stage -- /home/luiza/Lu-dots/hypr/autostart.conf [2ms]
2023-02-13 19:40:17.776 [info] > git cat-file -s 9bb97eb7bd2a0fe02831484152c783f1f27f0dd8 [1ms]
2023-02-13 19:40:34.366 [info] > git check-ignore -v -z --stdin [0ms]
2023-02-13 19:40:51.293 [info] > git config --get commit.template [1ms]
2023-02-13 19:40:51.305 [info] > git for-each-ref --format=%(refname)%00%(upstream:short)%00%(objectname)%00%(upstream:track)%00%(upstream:remotename)%00%(upstream:remoteref) refs/heads/main refs/remotes/main [3ms]
2023-02-13 19:40:51.320 [info] > git status -z -uall [7ms]
2023-02-13 19:40:51.321 [info] > git for-each-ref --sort -committerdate --format %(refname) %(objectname) %(*objectname) [1ms]
2023-02-13 19:40:55.186 [info] > git show --textconv :hypr/input.conf [13ms]
2023-02-13 19:40:55.188 [info] > git ls-files --stage -- /home/luiza/Lu-dots/hypr/input.conf [3ms]
2023-02-13 19:40:55.198 [info] > git cat-file -s 079c3bf40687e53cab3c456cfa747f9ef3680dfa [2ms]
2023-02-13 19:41:00.505 [info] > git config --get commit.template [2ms]
2023-02-13 19:41:00.517 [info] > git for-each-ref --format=%(refname)%00%(upstream:short)%00%(objectname)%00%(upstream:track)%00%(upstream:remotename)%00%(upstream:remoteref) refs/heads/main refs/remotes/main [2ms]
2023-02-13 19:41:00.536 [info] > git status -z -uall [11ms]
2023-02-13 19:41:00.536 [info] > git for-each-ref --sort -committerdate --format %(refname) %(objectname) %(*objectname) [2ms]
2023-02-13 19:41:05.554 [info] > git config --get commit.template [1ms]
2023-02-13 19:41:05.563 [info] > git for-each-ref --format=%(refname)%00%(upstream:short)%00%(objectname)%00%(upstream:track)%00%(upstream:remotename)%00%(upstream:remoteref) refs/heads/main refs/remotes/main [2ms]
2023-02-13 19:41:05.577 [info] > git status -z -uall [7ms]
2023-02-13 19:41:05.578 [info] > git for-each-ref --sort -committerdate --format %(refname) %(objectname) %(*objectname) [2ms]
2023-02-13 19:41:12.878 [info] > git config --get commit.template [1ms]
2023-02-13 19:41:12.889 [info] > git for-each-ref --format=%(refname)%00%(upstream:short)%00%(objectname)%00%(upstream:track)%00%(upstream:remotename)%00%(upstream:remoteref) refs/heads/main refs/remotes/main [2ms]
2023-02-13 19:41:12.910 [info] > git status -z -uall [14ms]
2023-02-13 19:41:12.910 [info] > git for-each-ref --sort -committerdate --format %(refname) %(objectname) %(*objectname) [6ms]
2023-02-13 19:41:17.925 [info] > git config --get commit.template [7ms]
2023-02-13 19:41:17.926 [info] > git for-each-ref --format=%(refname)%00%(upstream:short)%00%(objectname)%00%(upstream:track)%00%(upstream:remotename)%00%(upstream:remoteref) refs/heads/main refs/remotes/main [1ms]
2023-02-13 19:41:17.936 [info] > git status -z -uall [5ms]
2023-02-13 19:41:17.937 [info] > git for-each-ref --sort -committerdate --format %(refname) %(objectname) %(*objectname) [1ms]
2023-02-13 19:41:25.732 [info] > git config --get commit.template [1ms]
2023-02-13 19:41:25.740 [info] > git for-each-ref --format=%(refname)%00%(upstream:short)%00%(objectname)%00%(upstream:track)%00%(upstream:remotename)%00%(upstream:remoteref) refs/heads/main refs/remotes/main [0ms]
2023-02-13 19:41:25.751 [info] > git status -z -uall [6ms]
2023-02-13 19:41:25.752 [info] > git for-each-ref --sort -committerdate --format %(refname) %(objectname) %(*objectname) [1ms]
2023-02-13 19:42:45.360 [info] > git fetch [558ms]
2023-02-13 19:42:45.379 [info] > git config --get commit.template [7ms]
2023-02-13 19:42:45.379 [info] > git for-each-ref --format=%(refname)%00%(upstream:short)%00%(objectname)%00%(upstream:track)%00%(upstream:remotename)%00%(upstream:remoteref) refs/heads/main refs/remotes/main [1ms]
2023-02-13 19:42:45.390 [info] > git status -z -uall [6ms]
2023-02-13 19:42:45.391 [info] > git for-each-ref --sort -committerdate --format %(refname) %(objectname) %(*objectname) [2ms]
2023-02-13 19:42:46.446 [info] > git config --get commit.template [2ms]
2023-02-13 19:42:46.458 [info] > git for-each-ref --format=%(refname)%00%(upstream:short)%00%(objectname)%00%(upstream:track)%00%(upstream:remotename)%00%(upstream:remoteref) refs/heads/main refs/remotes/main [2ms]
2023-02-13 19:42:46.475 [info] > git status -z -uall [8ms]
2023-02-13 19:42:46.476 [info] > git for-each-ref --sort -committerdate --format %(refname) %(objectname) %(*objectname) [1ms]
2023-02-13 19:42:46.581 [info] > git ls-files --stage -- /home/luiza/Lu-dots/hypr/binds.conf [1ms]
2023-02-13 19:42:46.586 [info] > git ls-files --stage -- /home/luiza/Lu-dots/hypr/hyprland.conf [11ms]
2023-02-13 19:42:46.591 [info] > git ls-files --stage -- /home/luiza/Lu-dots/hypr/keywords.conf [22ms]
2023-02-13 19:42:46.613 [info] > git ls-files --stage -- /home/luiza/Lu-dots/hypr/input.conf [1ms]
2023-02-13 19:42:46.617 [info] > git ls-files --stage -- /home/luiza/Lu-dots/hypr/window_binds.conf [10ms]
2023-02-13 19:42:46.622 [info] > git ls-files --stage -- /home/luiza/Lu-dots/hypr/window_config.conf [21ms]
2023-02-13 19:42:46.627 [info] > git cat-file -s b685fa4aded7dd16481792f4b4233c02788c3955 [31ms]
2023-02-13 19:42:46.627 [info] > git cat-file -s c3109ec44bcf9f882440938ec21943d58ad69f63 [36ms]
2023-02-13 19:42:46.628 [info] > git cat-file -s 6d386813fb31518cc4166b74a3020c7cdd93731e [42ms]
2023-02-13 19:42:46.628 [info] > git cat-file -s 0951f79419c5a88139c0914874c5efba2258d40b [1ms]
2023-02-13 19:42:46.629 [info] > git cat-file -s a0490890de1821b43e06073e83e774635e59b313 [7ms]
2023-02-13 19:42:46.629 [info] > git cat-file -s 079c3bf40687e53cab3c456cfa747f9ef3680dfa [12ms]
2023-02-13 19:42:46.662 [info] > git show --textconv :hypr/keywords.conf [28ms]
2023-02-13 19:42:46.662 [info] > git show --textconv :hypr/hyprland.conf [21ms]
2023-02-13 19:42:46.662 [info] > git show --textconv :hypr/binds.conf [17ms]
2023-02-13 19:42:46.662 [info] > git show --textconv :hypr/window_config.conf [11ms]
2023-02-13 19:42:46.662 [info] > git show --textconv :hypr/window_binds.conf [6ms]
2023-02-13 19:42:46.662 [info] > git show --textconv :hypr/input.conf [1ms]
2023-02-13 19:43:04.698 [info] > git config --get commit.template [0ms]
2023-02-13 19:43:04.704 [info] > git for-each-ref --format=%(refname)%00%(upstream:short)%00%(objectname)%00%(upstream:track)%00%(upstream:remotename)%00%(upstream:remoteref) refs/heads/main refs/remotes/main [1ms]
2023-02-13 19:43:04.714 [info] > git status -z -uall [6ms]
2023-02-13 19:43:04.714 [info] > git for-each-ref --sort -committerdate --format %(refname) %(objectname) %(*objectname) [1ms]
2023-02-13 19:43:14.750 [info] > git add -A -- . [2ms]
2023-02-13 19:43:15.095 [info] > git show --textconv :.git/COMMIT_EDITMSG [8ms]
2023-02-13 19:43:15.095 [info] > git ls-files --stage -- /home/luiza/Lu-dots/.git/COMMIT_EDITMSG [1ms]
2023-02-13 19:43:15.409 [info] > git check-ignore -v -z --stdin [1ms]
2023-02-13 19:43:15.991 [info] > git ls-files --stage -- /home/luiza/Lu-dots/hypr/input.conf [7ms]
2023-02-13 19:43:15.996 [info] > git ls-files --stage -- /home/luiza/Lu-dots/hypr/window_binds.conf [17ms]
2023-02-13 19:43:16.000 [info] > git ls-files --stage -- /home/luiza/Lu-dots/hypr/window_config.conf [28ms]
2023-02-13 19:43:16.005 [info] > git ls-files --stage -- /home/luiza/Lu-dots/hypr/binds.conf [42ms]
2023-02-13 19:43:16.010 [info] > git ls-files --stage -- /home/luiza/Lu-dots/hypr/hyprland.conf [57ms]
2023-02-13 19:43:16.015 [info] > git ls-files --stage -- /home/luiza/Lu-dots/hypr/keywords.conf [74ms]
2023-02-13 19:43:16.022 [info] > git cat-file -s 082318166f14acd1eb104884018e6296802b4c56 [2ms]
2023-02-13 19:43:16.022 [info] > git cat-file -s c3109ec44bcf9f882440938ec21943d58ad69f63 [7ms]
2023-02-13 19:43:16.023 [info] > git cat-file -s 5a1010cef2e30771a749d5911be188cfe5acc90f [14ms]
2023-02-13 19:43:16.023 [info] > git cat-file -s 0951f79419c5a88139c0914874c5efba2258d40b [18ms]
2023-02-13 19:43:16.023 [info] > git cat-file -s a87b8e3bd48f95ae84ee97570dbaf658023f3003 [23ms]
2023-02-13 19:43:16.024 [info] > git cat-file -s 079c3bf40687e53cab3c456cfa747f9ef3680dfa [28ms]
2023-02-13 19:43:16.024 [info] > git ls-files --stage -- /home/luiza/Lu-dots/.git/COMMIT_EDITMSG [34ms]
2023-02-13 19:43:16.048 [info] > git show --textconv :hypr/keywords.conf [18ms]
2023-02-13 19:43:16.048 [info] > git show --textconv :hypr/hyprland.conf [12ms]
2023-02-13 19:43:16.048 [info] > git show --textconv :hypr/binds.conf [7ms]
2023-02-13 19:43:16.048 [info] > git show --textconv :hypr/window_config.conf [0ms]
2023-02-13 19:43:16.066 [info] > git show --textconv :hypr/window_binds.conf [12ms]
2023-02-13 19:43:16.066 [info] > git show --textconv :hypr/input.conf [6ms]
2023-02-13 19:43:16.066 [info] > git show --textconv :.git/COMMIT_EDITMSG [1ms]
