2023-02-13 19:07:20.753 [info] Reading sessions from keychain...
2023-02-13 19:07:20.753 [info] Getting sessions for all scopes...
2023-02-13 19:07:20.753 [info] Getting sessions for user:email...
2023-02-13 19:07:20.753 [info] Got stored sessions!
2023-02-13 19:07:20.753 [info] Got 2 verified sessions.
2023-02-13 19:07:20.753 [info] Got 2 sessions for ...
2023-02-13 19:07:20.753 [info] Got 1 sessions for user:email...
2023-02-13 19:07:20.785 [info] Getting sessions for all scopes...
2023-02-13 19:07:20.785 [info] Got 2 sessions for ...
2023-02-13 19:07:20.855 [info] Getting sessions for all scopes...
2023-02-13 19:07:20.855 [info] Got 2 sessions for ...
2023-02-13 19:07:20.880 [info] Getting sessions for read:user,repo,user:email...
2023-02-13 19:07:20.880 [info] Got 0 sessions for read:user,repo,user:email...
2023-02-13 19:07:21.837 [info] Getting user info...
2023-02-13 19:07:22.107 [info] Got account info!
2023-02-13 19:09:47.913 [info] Getting sessions for read:user,repo,user:email,workflow...
2023-02-13 19:09:47.913 [info] Got 1 sessions for read:user,repo,user:email,workflow...
2023-02-13 19:20:01.355 [info] Reading sessions from keychain...
2023-02-13 19:20:01.355 [info] Getting sessions for user:email...
2023-02-13 19:20:01.355 [info] Got stored sessions!
2023-02-13 19:20:01.355 [info] Got 2 verified sessions.
2023-02-13 19:20:01.355 [info] Got 1 sessions for user:email...
2023-02-13 19:20:01.355 [info] Getting sessions for all scopes...
2023-02-13 19:20:01.355 [info] Got 2 sessions for ...
2023-02-13 19:20:01.463 [info] Getting sessions for read:user,repo,user:email...
2023-02-13 19:20:01.463 [info] Got 0 sessions for read:user,repo,user:email...
2023-02-13 19:20:01.554 [info] Getting sessions for all scopes...
2023-02-13 19:20:01.555 [info] Got 2 sessions for ...
2023-02-13 19:20:03.078 [info] Getting user info...
2023-02-13 19:20:03.369 [info] Got account info!
2023-02-13 19:21:22.804 [info] Reading sessions from keychain...
2023-02-13 19:21:22.804 [info] Getting sessions for user:email...
2023-02-13 19:21:22.804 [info] Got stored sessions!
2023-02-13 19:21:22.804 [info] Got 2 verified sessions.
2023-02-13 19:21:22.804 [info] Got 1 sessions for user:email...
2023-02-13 19:21:22.804 [info] Getting sessions for user:email...
2023-02-13 19:21:22.804 [info] Got 1 sessions for user:email...
2023-02-13 19:21:23.106 [info] Getting sessions for read:user,repo,user:email...
2023-02-13 19:21:23.106 [info] Got 0 sessions for read:user,repo,user:email...
2023-02-13 19:21:24.364 [info] Getting sessions for all scopes...
2023-02-13 19:21:24.364 [info] Got 2 sessions for ...
2023-02-13 19:21:24.685 [info] Getting user info...
2023-02-13 19:21:25.026 [info] Got account info!
2023-02-13 19:21:39.971 [info] Reading sessions from keychain...
2023-02-13 19:21:39.971 [info] Got stored sessions!
2023-02-13 19:21:39.971 [info] Got 2 verified sessions.
2023-02-13 19:21:39.971 [info] Getting sessions for user:email...
2023-02-13 19:21:39.971 [info] Got 1 sessions for user:email...
2023-02-13 19:21:40.751 [info] Getting sessions for read:user,repo,user:email...
2023-02-13 19:21:40.751 [info] Got 0 sessions for read:user,repo,user:email...
2023-02-13 19:21:41.022 [info] Getting sessions for read:user,repo,user:email...
2023-02-13 19:21:41.022 [info] Got 0 sessions for read:user,repo,user:email...
2023-02-13 19:21:41.642 [info] Getting sessions for all scopes...
2023-02-13 19:21:41.642 [info] Got 2 sessions for ...
2023-02-13 19:21:41.659 [info] Getting user info...
2023-02-13 19:21:41.953 [info] Got account info!
2023-02-13 19:22:08.482 [info] Reading sessions from keychain...
2023-02-13 19:22:08.482 [info] Getting sessions for user:email...
2023-02-13 19:22:08.482 [info] Getting sessions for all scopes...
2023-02-13 19:22:08.482 [info] Got stored sessions!
2023-02-13 19:22:08.482 [info] Got 2 verified sessions.
2023-02-13 19:22:08.482 [info] Got 1 sessions for user:email...
2023-02-13 19:22:08.482 [info] Got 2 sessions for ...
2023-02-13 19:22:08.482 [info] Getting sessions for user:email...
2023-02-13 19:22:08.482 [info] Got 1 sessions for user:email...
2023-02-13 19:22:08.482 [info] Getting sessions for all scopes...
2023-02-13 19:22:08.482 [info] Got 2 sessions for ...
2023-02-13 19:22:08.763 [info] Getting sessions for all scopes...
2023-02-13 19:22:08.763 [info] Got 2 sessions for ...
2023-02-13 19:22:10.351 [info] Getting user info...
2023-02-13 19:22:10.702 [info] Got account info!
