2023-02-13 17:11:49.554 [info] Reading sessions from keychain...
2023-02-13 17:11:49.554 [info] Getting sessions for user:email...
2023-02-13 17:11:49.554 [info] Got 0 sessions for user:email...
2023-02-13 17:11:50.868 [info] Getting sessions for all scopes...
2023-02-13 17:11:50.868 [info] Got 0 sessions for ...
2023-02-13 17:12:23.999 [info] Getting sessions for all scopes...
2023-02-13 17:12:23.999 [info] Got 0 sessions for ...
2023-02-13 17:12:56.055 [info] Getting sessions for user:email...
2023-02-13 17:12:56.055 [info] Got 0 sessions for user:email...
2023-02-13 17:13:01.285 [info] Logging in for the following scopes: user:email
2023-02-13 17:13:01.286 [info] Trying without local server... (user:email)
2023-02-13 17:13:13.401 [info] Exchanging code for token...
2023-02-13 17:13:14.786 [info] Token exchange success!
2023-02-13 17:13:14.789 [info] Getting user info...
2023-02-13 17:13:15.065 [info] Got account info!
2023-02-13 17:13:15.066 [info] Storing 1 sessions...
2023-02-13 17:13:16.325 [info] Getting user info...
2023-02-13 17:13:16.629 [info] Got account info!
2023-02-13 17:13:29.062 [info] Reading sessions from keychain...
2023-02-13 17:13:29.062 [info] Stored 1 sessions!
2023-02-13 17:13:29.062 [info] Login success!
2023-02-13 17:13:29.063 [info] Getting sessions for user:email...
2023-02-13 17:13:29.064 [info] Getting sessions for user:email...
2023-02-13 17:13:29.066 [info] Got stored sessions!
2023-02-13 17:13:29.066 [info] Got 1 verified sessions.
2023-02-13 17:13:29.066 [info] Got 1 sessions for user:email...
2023-02-13 17:13:29.066 [info] Got 1 sessions for user:email...
2023-02-13 17:14:51.874 [info] Getting sessions for all scopes...
2023-02-13 17:14:51.874 [info] Got 1 sessions for ...
2023-02-13 17:15:15.062 [info] Getting sessions for read:user,repo,user:email,workflow...
2023-02-13 17:15:15.062 [info] Got 0 sessions for read:user,repo,user:email,workflow...
2023-02-13 17:15:16.597 [info] Logging in for the following scopes: read:user repo user:email workflow
2023-02-13 17:15:16.603 [info] Trying without local server... (read:user repo user:email workflow)
2023-02-13 17:15:35.210 [info] Exchanging code for token...
2023-02-13 17:15:36.425 [info] Token exchange success!
2023-02-13 17:15:36.432 [info] Getting user info...
2023-02-13 17:15:36.818 [info] Got account info!
2023-02-13 17:15:36.819 [info] Storing 2 sessions...
2023-02-13 17:15:36.933 [info] Reading sessions from keychain...
2023-02-13 17:15:36.933 [info] Stored 2 sessions!
2023-02-13 17:15:36.934 [info] Login success!
2023-02-13 17:15:36.936 [info] Getting sessions for user:email...
2023-02-13 17:15:36.963 [info] Got stored sessions!
2023-02-13 17:15:36.963 [info] Got 2 verified sessions.
2023-02-13 17:15:36.963 [info] Got 1 sessions for user:email...
2023-02-13 17:15:36.964 [info] Getting sessions for read:user,repo,user:email...
2023-02-13 17:15:36.964 [info] Got 0 sessions for read:user,repo,user:email...
2023-02-13 17:16:48.895 [info] Reading sessions from keychain...
2023-02-13 17:16:48.895 [info] Getting sessions for user:email...
2023-02-13 17:16:48.895 [info] Got stored sessions!
2023-02-13 17:16:48.895 [info] Got 2 verified sessions.
2023-02-13 17:16:48.895 [info] Got 1 sessions for user:email...
2023-02-13 17:16:48.968 [info] Getting sessions for all scopes...
2023-02-13 17:16:48.968 [info] Got 2 sessions for ...
2023-02-13 17:16:49.096 [info] Getting sessions for all scopes...
2023-02-13 17:16:49.096 [info] Got 2 sessions for ...
2023-02-13 17:16:49.151 [info] Getting sessions for all scopes...
2023-02-13 17:16:49.151 [info] Got 2 sessions for ...
2023-02-13 17:16:49.170 [info] Getting sessions for read:user,repo,user:email...
2023-02-13 17:16:49.170 [info] Got 0 sessions for read:user,repo,user:email...
2023-02-13 17:16:50.651 [info] Getting user info...
2023-02-13 17:16:50.900 [info] Got account info!
2023-02-13 17:20:08.084 [info] Getting sessions for read:user,repo,user:email,workflow...
2023-02-13 17:20:08.103 [info] Got 1 sessions for read:user,repo,user:email,workflow...
2023-02-13 17:23:26.309 [info] Getting sessions for read:user,repo,user:email,workflow...
2023-02-13 17:23:26.328 [info] Got 1 sessions for read:user,repo,user:email,workflow...
2023-02-13 17:24:15.782 [info] Reading sessions from keychain...
2023-02-13 17:24:15.782 [info] Getting sessions for user:email...
2023-02-13 17:24:15.782 [info] Got stored sessions!
2023-02-13 17:24:15.782 [info] Got 2 verified sessions.
2023-02-13 17:24:15.782 [info] Got 1 sessions for user:email...
2023-02-13 17:24:15.782 [info] Getting sessions for all scopes...
2023-02-13 17:24:15.782 [info] Got 2 sessions for ...
2023-02-13 17:24:15.782 [info] Getting sessions for user:email...
2023-02-13 17:24:15.782 [info] Got 1 sessions for user:email...
2023-02-13 17:24:15.782 [info] Getting sessions for all scopes...
2023-02-13 17:24:15.782 [info] Got 2 sessions for ...
2023-02-13 17:24:16.260 [info] Getting sessions for all scopes...
2023-02-13 17:24:16.260 [info] Got 2 sessions for ...
2023-02-13 17:24:16.374 [info] Getting sessions for read:user,repo,user:email...
2023-02-13 17:24:16.374 [info] Got 0 sessions for read:user,repo,user:email...
2023-02-13 17:24:17.286 [info] Getting user info...
2023-02-13 17:24:17.716 [info] Got account info!
2023-02-13 17:25:01.070 [info] Reading sessions from keychain...
2023-02-13 17:25:01.071 [info] Getting sessions for user:email...
2023-02-13 17:25:01.071 [info] Got stored sessions!
2023-02-13 17:25:01.071 [info] Got 2 verified sessions.
2023-02-13 17:25:01.071 [info] Got 1 sessions for user:email...
2023-02-13 17:25:01.071 [info] Getting sessions for all scopes...
2023-02-13 17:25:01.071 [info] Got 2 sessions for ...
2023-02-13 17:25:01.257 [info] Getting sessions for all scopes...
2023-02-13 17:25:01.257 [info] Got 2 sessions for ...
2023-02-13 17:25:01.345 [info] Getting sessions for all scopes...
2023-02-13 17:25:01.351 [info] Got 2 sessions for ...
2023-02-13 17:25:02.778 [info] Getting user info...
2023-02-13 17:25:03.088 [info] Got account info!
2023-02-13 17:25:11.188 [info] Reading sessions from keychain...
2023-02-13 17:25:11.188 [info] Got stored sessions!
2023-02-13 17:25:11.188 [info] Got 2 verified sessions.
2023-02-13 17:25:11.188 [info] Getting sessions for user:email...
2023-02-13 17:25:11.188 [info] Got 1 sessions for user:email...
2023-02-13 17:25:11.188 [info] Getting sessions for all scopes...
2023-02-13 17:25:11.188 [info] Got 2 sessions for ...
2023-02-13 17:25:11.252 [info] Getting sessions for read:user,repo,user:email...
2023-02-13 17:25:11.252 [info] Got 0 sessions for read:user,repo,user:email...
2023-02-13 17:25:11.299 [info] Getting sessions for all scopes...
2023-02-13 17:25:11.299 [info] Got 2 sessions for ...
2023-02-13 17:25:12.811 [info] Getting user info...
2023-02-13 17:25:13.050 [info] Got account info!
2023-02-13 17:26:27.352 [info] Getting sessions for read:user,repo,user:email,workflow...
2023-02-13 17:26:27.352 [info] Got 1 sessions for read:user,repo,user:email,workflow...
2023-02-13 17:39:01.786 [info] Reading sessions from keychain...
2023-02-13 17:39:01.786 [info] Getting sessions for user:email...
2023-02-13 17:39:01.786 [info] Getting sessions for all scopes...
2023-02-13 17:39:01.786 [info] Got stored sessions!
2023-02-13 17:39:01.786 [info] Got 2 verified sessions.
2023-02-13 17:39:01.786 [info] Got 1 sessions for user:email...
2023-02-13 17:39:01.786 [info] Got 2 sessions for ...
2023-02-13 17:39:01.786 [info] Getting sessions for user:email...
2023-02-13 17:39:01.786 [info] Got 1 sessions for user:email...
2023-02-13 17:39:01.786 [info] Getting sessions for all scopes...
2023-02-13 17:39:01.786 [info] Got 2 sessions for ...
2023-02-13 17:39:02.149 [info] Getting sessions for all scopes...
2023-02-13 17:39:02.149 [info] Got 2 sessions for ...
2023-02-13 17:39:02.325 [info] Getting sessions for read:user,repo,user:email...
2023-02-13 17:39:02.325 [info] Got 0 sessions for read:user,repo,user:email...
2023-02-13 17:39:03.444 [info] Getting user info...
2023-02-13 17:39:03.753 [info] Got account info!
2023-02-13 17:39:06.548 [info] Reading sessions from keychain...
2023-02-13 17:39:06.548 [info] Getting sessions for user:email...
2023-02-13 17:39:06.548 [info] Got stored sessions!
2023-02-13 17:39:06.548 [info] Got 2 verified sessions.
2023-02-13 17:39:06.548 [info] Got 1 sessions for user:email...
2023-02-13 17:39:06.548 [info] Getting sessions for all scopes...
2023-02-13 17:39:06.548 [info] Got 2 sessions for ...
2023-02-13 17:39:06.557 [info] Getting sessions for read:user,repo,user:email...
2023-02-13 17:39:06.557 [info] Got 0 sessions for read:user,repo,user:email...
2023-02-13 17:39:06.668 [info] Getting sessions for all scopes...
2023-02-13 17:39:06.668 [info] Got 2 sessions for ...
2023-02-13 17:39:08.195 [info] Getting user info...
2023-02-13 17:39:08.463 [info] Got account info!
2023-02-13 17:42:20.208 [info] Getting sessions for read:user,repo,user:email,workflow...
2023-02-13 17:42:20.208 [info] Got 1 sessions for read:user,repo,user:email,workflow...
2023-02-13 17:42:21.391 [info] Getting sessions for read:user,repo,user:email...
2023-02-13 17:42:21.391 [info] Got 0 sessions for read:user,repo,user:email...
2023-02-13 17:44:58.038 [info] Getting sessions for read:user,repo,user:email,workflow...
2023-02-13 17:44:58.062 [info] Got 1 sessions for read:user,repo,user:email,workflow...
2023-02-13 17:45:22.309 [info] Getting sessions for read:user,repo,user:email...
2023-02-13 17:45:22.309 [info] Got 0 sessions for read:user,repo,user:email...
2023-02-13 17:46:47.826 [info] Getting sessions for read:user,repo,user:email,workflow...
2023-02-13 17:46:47.848 [info] Got 1 sessions for read:user,repo,user:email,workflow...
2023-02-13 17:47:28.845 [info] Getting sessions for read:user,repo,user:email...
2023-02-13 17:47:28.845 [info] Got 0 sessions for read:user,repo,user:email...
2023-02-13 17:49:27.965 [info] Getting sessions for read:user,repo,user:email,workflow...
2023-02-13 17:49:27.965 [info] Got 1 sessions for read:user,repo,user:email,workflow...
2023-02-13 17:49:30.602 [info] Getting sessions for read:user,repo,user:email...
2023-02-13 17:49:30.603 [info] Got 0 sessions for read:user,repo,user:email...
2023-02-13 17:51:30.951 [info] Getting sessions for read:user,repo,user:email,workflow...
2023-02-13 17:51:30.979 [info] Got 1 sessions for read:user,repo,user:email,workflow...
2023-02-13 18:06:21.905 [info] Getting sessions for read:user,repo,user:email...
2023-02-13 18:06:21.905 [info] Got 0 sessions for read:user,repo,user:email...
2023-02-13 18:10:24.194 [info] Getting sessions for read:user,repo,user:email,workflow...
2023-02-13 18:10:24.194 [info] Got 1 sessions for read:user,repo,user:email,workflow...
2023-02-13 18:10:26.939 [info] Getting sessions for read:user,repo,user:email...
2023-02-13 18:10:26.939 [info] Got 0 sessions for read:user,repo,user:email...
2023-02-13 18:18:06.124 [info] Getting sessions for read:user,repo,user:email,workflow...
2023-02-13 18:18:06.124 [info] Got 1 sessions for read:user,repo,user:email,workflow...
2023-02-13 18:21:07.117 [info] Getting sessions for read:user,repo,user:email...
2023-02-13 18:21:07.117 [info] Got 0 sessions for read:user,repo,user:email...
2023-02-13 18:21:32.312 [info] Getting sessions for read:user,repo,user:email,workflow...
2023-02-13 18:21:32.312 [info] Got 1 sessions for read:user,repo,user:email,workflow...
2023-02-13 18:23:39.086 [info] Getting sessions for read:user,repo,user:email...
2023-02-13 18:23:39.086 [info] Got 0 sessions for read:user,repo,user:email...
2023-02-13 18:35:16.708 [info] Getting sessions for read:user,repo,user:email,workflow...
2023-02-13 18:35:16.735 [info] Got 1 sessions for read:user,repo,user:email,workflow...
2023-02-13 18:36:31.775 [info] Getting sessions for read:user,repo,user:email,workflow...
2023-02-13 18:36:31.775 [info] Got 1 sessions for read:user,repo,user:email,workflow...
2023-02-13 18:36:54.294 [info] Getting sessions for read:user,repo,user:email...
2023-02-13 18:36:54.294 [info] Got 0 sessions for read:user,repo,user:email...
2023-02-13 18:37:26.458 [info] Getting sessions for read:user,repo,user:email,workflow...
2023-02-13 18:37:26.458 [info] Got 1 sessions for read:user,repo,user:email,workflow...
2023-02-13 18:37:44.285 [info] Getting sessions for read:user,repo,user:email...
2023-02-13 18:37:44.285 [info] Got 0 sessions for read:user,repo,user:email...
2023-02-13 18:38:17.878 [info] Getting sessions for read:user,repo,user:email,workflow...
2023-02-13 18:38:17.878 [info] Got 1 sessions for read:user,repo,user:email,workflow...
2023-02-13 18:38:19.118 [info] Getting sessions for read:user,repo,user:email...
2023-02-13 18:38:19.118 [info] Got 0 sessions for read:user,repo,user:email...
2023-02-13 18:40:17.172 [info] Getting sessions for read:user,repo,user:email,workflow...
2023-02-13 18:40:17.172 [info] Got 1 sessions for read:user,repo,user:email,workflow...
2023-02-13 18:40:33.008 [info] Getting sessions for read:user,repo,user:email...
2023-02-13 18:40:33.008 [info] Got 0 sessions for read:user,repo,user:email...
2023-02-13 18:47:20.012 [info] Getting sessions for read:user,repo,user:email,workflow...
2023-02-13 18:47:20.012 [info] Got 1 sessions for read:user,repo,user:email,workflow...
2023-02-13 18:47:23.796 [info] Getting sessions for read:user,repo,user:email...
2023-02-13 18:47:23.796 [info] Got 0 sessions for read:user,repo,user:email...
2023-02-13 18:54:14.516 [info] Getting sessions for read:user,repo,user:email,workflow...
2023-02-13 18:54:14.516 [info] Got 1 sessions for read:user,repo,user:email,workflow...
2023-02-13 18:54:15.795 [info] Getting sessions for read:user,repo,user:email...
2023-02-13 18:54:15.795 [info] Got 0 sessions for read:user,repo,user:email...
2023-02-13 18:57:03.277 [info] Getting sessions for read:user,repo,user:email,workflow...
2023-02-13 18:57:03.277 [info] Got 1 sessions for read:user,repo,user:email,workflow...
2023-02-13 18:57:24.322 [info] Getting sessions for read:user,repo,user:email...
2023-02-13 18:57:24.322 [info] Got 0 sessions for read:user,repo,user:email...
2023-02-13 18:59:21.266 [info] Getting sessions for read:user,repo,user:email,workflow...
2023-02-13 18:59:21.266 [info] Got 1 sessions for read:user,repo,user:email,workflow...
2023-02-13 18:59:58.328 [info] Getting sessions for read:user,repo,user:email...
2023-02-13 18:59:58.328 [info] Got 0 sessions for read:user,repo,user:email...
2023-02-13 19:00:13.904 [info] Getting sessions for read:user,repo,user:email,workflow...
2023-02-13 19:00:13.904 [info] Got 1 sessions for read:user,repo,user:email,workflow...
2023-02-13 19:00:18.081 [info] Getting sessions for read:user,repo,user:email...
2023-02-13 19:00:18.081 [info] Got 0 sessions for read:user,repo,user:email...
